Working directory: /srv/nfs/logti-hyper-c1/av00680@ens.ad.etsmtl.ca/projet2_phase1main
Starting at Sun Apr 13 02:46:13 EDT 2025
Running on logti-hyperbole.ens.ad.etsmtl.ca
Current user: av00680@ens.ad.etsmtl.ca
Directory ~ : projet2_phase0
projet2_phase1
projet2_phase1main
Sun Apr 13 02:46:13 2025       
+-----------------------------------------------------------------------------------------+
| NVIDIA-SMI 570.124.06             Driver Version: 570.124.06     CUDA Version: 12.8     |
|-----------------------------------------+------------------------+----------------------+
| GPU  Name                 Persistence-M | Bus-Id          Disp.A | Volatile Uncorr. ECC |
| Fan  Temp   Perf          Pwr:Usage/Cap |           Memory-Usage | GPU-Util  Compute M. |
|                                         |                        |               MIG M. |
|=========================================+========================+======================|
|   0  NVIDIA RTX A6000               On  |   00000000:01:00.0 Off |                  Off |
| 51%   72C    P0            296W /  300W |   46292MiB /  49140MiB |    100%      Default |
|                                         |                        |                  N/A |
+-----------------------------------------+------------------------+----------------------+
|   1  NVIDIA RTX A6000               On  |   00000000:02:00.0 Off |                  Off |
| 30%   34C    P8             15W /  300W |       2MiB /  49140MiB |      0%      Default |
|                                         |                        |                  N/A |
+-----------------------------------------+------------------------+----------------------+
|   2  NVIDIA RTX A6000               On  |   00000000:C1:00.0 Off |                  Off |
| 30%   26C    P8             23W /  300W |       2MiB /  49140MiB |      0%      Default |
|                                         |                        |                  N/A |
+-----------------------------------------+------------------------+----------------------+
|   3  NVIDIA RTX A6000               On  |   00000000:C2:00.0 Off |                  Off |
| 30%   27C    P8             19W /  300W |       2MiB /  49140MiB |      0%      Default |
|                                         |                        |                  N/A |
+-----------------------------------------+------------------------+----------------------+
                                                                                         
+-----------------------------------------------------------------------------------------+
| Processes:                                                                              |
|  GPU   GI   CI              PID   Type   Process name                        GPU Memory |
|        ID   ID                                                               Usage      |
|=========================================================================================|
|    0   N/A  N/A          114926      C   python                                45868MiB |
+-----------------------------------------------------------------------------------------+
starting...
04/13/2025 02:46:17 - WARNING - __main__ - Process rank: 0, device: cuda:0, n_gpu: 1, distributed training: False, 16-bits training: True
04/13/2025 02:46:17 - INFO - __main__ - Training/evaluation parameters TrainingArguments(
_n_gpu=1,
accelerator_config={'split_batches': False, 'dispatch_batches': None, 'even_batches': True, 'use_seedable_sampler': True, 'non_blocking': False, 'gradient_accumulation_kwargs': None, 'use_configured_state': False},
adafactor=False,
adam_beta1=0.9,
adam_beta2=0.999,
adam_epsilon=1e-08,
auto_find_batch_size=False,
average_tokens_across_devices=False,
batch_eval_metrics=False,
bf16=False,
bf16_full_eval=False,
data_seed=42,
dataloader_drop_last=False,
dataloader_num_workers=0,
dataloader_persistent_workers=False,
dataloader_pin_memory=True,
dataloader_prefetch_factor=None,
ddp_backend=None,
ddp_broadcast_buffers=None,
ddp_bucket_cap_mb=None,
ddp_find_unused_parameters=None,
ddp_timeout=1800,
debug=[],
deepspeed=None,
disable_tqdm=False,
do_eval=True,
do_predict=True,
do_train=True,
eval_accumulation_steps=None,
eval_delay=0,
eval_do_concat_batches=True,
eval_on_start=False,
eval_steps=None,
eval_strategy=IntervalStrategy.EPOCH,
eval_use_gather_object=False,
fp16=True,
fp16_backend=auto,
fp16_full_eval=False,
fp16_opt_level=O1,
fsdp=[],
fsdp_config={'min_num_params': 0, 'xla': False, 'xla_fsdp_v2': False, 'xla_fsdp_grad_ckpt': False},
fsdp_min_num_params=0,
fsdp_transformer_layer_cls_to_wrap=None,
full_determinism=False,
gradient_accumulation_steps=2,
gradient_checkpointing=False,
gradient_checkpointing_kwargs=None,
greater_is_better=None,
group_by_length=False,
half_precision_backend=auto,
hub_always_push=False,
hub_model_id=None,
hub_private_repo=None,
hub_strategy=HubStrategy.EVERY_SAVE,
hub_token=<HUB_TOKEN>,
ignore_data_skip=False,
include_for_metrics=[],
include_inputs_for_metrics=False,
include_num_input_tokens_seen=False,
include_tokens_per_second=False,
jit_mode_eval=False,
label_names=None,
label_smoothing_factor=0.0,
learning_rate=5e-05,
length_column_name=length,
load_best_model_at_end=False,
local_rank=0,
log_level=passive,
log_level_replica=warning,
log_on_each_node=True,
logging_dir=test-ner/runs/Apr13_02-46-17_logti-hyperbole.ens.ad.etsmtl.ca,
logging_first_step=False,
logging_nan_inf_filter=True,
logging_steps=500,
logging_strategy=IntervalStrategy.STEPS,
lr_scheduler_kwargs={},
lr_scheduler_type=SchedulerType.LINEAR,
max_grad_norm=1.0,
max_steps=-1,
metric_for_best_model=None,
mp_parameters=,
neftune_noise_alpha=None,
no_cuda=False,
num_train_epochs=10.0,
optim=OptimizerNames.ADAMW_TORCH,
optim_args=None,
optim_target_modules=None,
output_dir=test-ner,
overwrite_output_dir=True,
past_index=-1,
per_device_eval_batch_size=8,
per_device_train_batch_size=8,
prediction_loss_only=False,
push_to_hub=False,
push_to_hub_model_id=None,
push_to_hub_organization=None,
push_to_hub_token=<PUSH_TO_HUB_TOKEN>,
ray_scope=last,
remove_unused_columns=True,
report_to=[],
restore_callback_states_from_checkpoint=False,
resume_from_checkpoint=None,
run_name=test-ner,
save_on_each_node=False,
save_only_model=False,
save_safetensors=True,
save_steps=500,
save_strategy=SaveStrategy.STEPS,
save_total_limit=3,
seed=42,
skip_memory_metrics=True,
tf32=None,
torch_compile=False,
torch_compile_backend=None,
torch_compile_mode=None,
torch_empty_cache_steps=None,
torchdynamo=None,
tp_size=0,
tpu_metrics_debug=False,
tpu_num_cores=None,
use_cpu=False,
use_ipex=False,
use_legacy_prediction_loop=False,
use_liger_kernel=False,
use_mps_device=False,
warmup_ratio=0.0,
warmup_steps=0,
weight_decay=0.0,
)
04/13/2025 02:46:19 - INFO - datasets.builder - Overwrite dataset info from restored data version if exists.
04/13/2025 02:46:19 - INFO - datasets.info - Loading Dataset info from HF_HOME=/mnt/home/av00680@ens.ad.etsmtl.ca/projet2_phase1main/hfcache/datasets/ibm-research___med_mentions-zs/default/0.0.0/f722ac14668e0c7f21055a20b2b4392e7b7b85b2
04/13/2025 02:46:19 - INFO - datasets.builder - Found cached dataset med_mentions-zs (/srv/nfs/logti-hyper-c1/av00680@ens.ad.etsmtl.ca/projet2_phase1main/HF_HOME=/mnt/home/av00680@ens.ad.etsmtl.ca/projet2_phase1main/hfcache/datasets/ibm-research___med_mentions-zs/default/0.0.0/f722ac14668e0c7f21055a20b2b4392e7b7b85b2)
04/13/2025 02:46:19 - INFO - datasets.info - Loading Dataset info from /srv/nfs/logti-hyper-c1/av00680@ens.ad.etsmtl.ca/projet2_phase1main/HF_HOME=/mnt/home/av00680@ens.ad.etsmtl.ca/projet2_phase1main/hfcache/datasets/ibm-research___med_mentions-zs/default/0.0.0/f722ac14668e0c7f21055a20b2b4392e7b7b85b2
Extraction des NER-Tags...
Fait!
Création du mapping TUI vers indice...
Fait!
Shuffle des indices avant le split...
Fait!
Création du premier split (train VS reste)...
Fait!
Création du deuxième split (val VS test)...
Fait!
Conversion des indices...
Fait! 
Tous les exemples sont dans un split! et sans overlaps.
Séparation en Train - Validation - Test terminée!
04/13/2025 02:46:32 - INFO - datasets.arrow_dataset - Loading cached processed dataset at /srv/nfs/logti-hyper-c1/av00680@ens.ad.etsmtl.ca/projet2_phase1main/HF_HOME=/mnt/home/av00680@ens.ad.etsmtl.ca/projet2_phase1main/hfcache/datasets/ibm-research___med_mentions-zs/default/0.0.0/f722ac14668e0c7f21055a20b2b4392e7b7b85b2/cache-a41ec75bd25c1672.arrow
04/13/2025 02:46:32 - INFO - datasets.arrow_dataset - Loading cached processed dataset at /srv/nfs/logti-hyper-c1/av00680@ens.ad.etsmtl.ca/projet2_phase1main/HF_HOME=/mnt/home/av00680@ens.ad.etsmtl.ca/projet2_phase1main/hfcache/datasets/ibm-research___med_mentions-zs/default/0.0.0/f722ac14668e0c7f21055a20b2b4392e7b7b85b2/cache-afba103970b5e9d9.arrow
04/13/2025 02:46:32 - INFO - datasets.arrow_dataset - Loading cached processed dataset at /srv/nfs/logti-hyper-c1/av00680@ens.ad.etsmtl.ca/projet2_phase1main/HF_HOME=/mnt/home/av00680@ens.ad.etsmtl.ca/projet2_phase1main/hfcache/datasets/ibm-research___med_mentions-zs/default/0.0.0/f722ac14668e0c7f21055a20b2b4392e7b7b85b2/cache-f6b1c090184f59b3.arrow
{'loss': 0.7214, 'grad_norm': 2.743635416030884, 'learning_rate': 4.8288659793814435e-05, 'epoch': 0.34}
{'loss': 0.5327, 'grad_norm': 1.8492240905761719, 'learning_rate': 4.657044673539519e-05, 'epoch': 0.69}
Computing metrics... # DEBUG
{'eval_loss': 0.4481896758079529, 'eval_T005_precision': 0.0, 'eval_T005_recall': 0.0, 'eval_T005_f1': 0.0, 'eval_T005_number': 25, 'eval_T007_precision': 0.0967741935483871, 'eval_T007_recall': 0.06666666666666667, 'eval_T007_f1': 0.07894736842105263, 'eval_T007_number': 45, 'eval_T017_precision': 0.5197415649676956, 'eval_T017_recall': 0.5871857258718572, 'eval_T017_f1': 0.5514089870525514, 'eval_T017_number': 1233, 'eval_T022_precision': 0.0, 'eval_T022_recall': 0.0, 'eval_T022_f1': 0.0, 'eval_T022_number': 9, 'eval_T031_precision': 0.0, 'eval_T031_recall': 0.0, 'eval_T031_f1': 0.0, 'eval_T031_number': 22, 'eval_T033_precision': 0.4208826695371367, 'eval_T033_recall': 0.39455095862764883, 'eval_T033_f1': 0.4072916666666666, 'eval_T033_number': 991, 'eval_T037_precision': 0.32558139534883723, 'eval_T037_recall': 0.3181818181818182, 'eval_T037_f1': 0.3218390804597701, 'eval_T037_number': 44, 'eval_T038_precision': 0.6398182569186287, 'eval_T038_recall': 0.6031931464174455, 'eval_T038_f1': 0.6209661254760473, 'eval_T038_number': 2568, 'eval_T058_precision': 0.517948717948718, 'eval_T058_recall': 0.543375924680565, 'eval_T058_f1': 0.5303577289136856, 'eval_T058_number': 1487, 'eval_T062_precision': 0.45113788487282463, 'eval_T062_recall': 0.6105072463768116, 'eval_T062_f1': 0.5188606620477291, 'eval_T062_number': 552, 'eval_T074_precision': 0.3902439024390244, 'eval_T074_recall': 0.2782608695652174, 'eval_T074_f1': 0.3248730964467005, 'eval_T074_number': 115, 'eval_T082_precision': 0.48137931034482756, 'eval_T082_recall': 0.47035040431266845, 'eval_T082_f1': 0.4758009543285616, 'eval_T082_number': 742, 'eval_T091_precision': 0.0, 'eval_T091_recall': 0.0, 'eval_T091_f1': 0.0, 'eval_T091_number': 20, 'eval_T092_precision': 0.0, 'eval_T092_recall': 0.0, 'eval_T092_f1': 0.0, 'eval_T092_number': 37, 'eval_T097_precision': 0.0, 'eval_T097_recall': 0.0, 'eval_T097_f1': 0.0, 'eval_T097_number': 15, 'eval_T098_precision': 0.6037735849056604, 'eval_T098_recall': 0.7293447293447294, 'eval_T098_f1': 0.6606451612903226, 'eval_T098_number': 351, 'eval_T103_precision': 0.6111538461538462, 'eval_T103_recall': 0.7265660722450846, 'eval_T103_f1': 0.6638813453102151, 'eval_T103_number': 2187, 'eval_T168_precision': 0.0, 'eval_T168_recall': 0.0, 'eval_T168_f1': 0.0, 'eval_T168_number': 28, 'eval_T170_precision': 0.4979757085020243, 'eval_T170_recall': 0.411371237458194, 'eval_T170_f1': 0.45054945054945056, 'eval_T170_number': 598, 'eval_T201_precision': 0.0, 'eval_T201_recall': 0.0, 'eval_T201_f1': 0.0, 'eval_T201_number': 40, 'eval_T204_precision': 0.6384479717813051, 'eval_T204_recall': 0.7573221757322176, 'eval_T204_f1': 0.692822966507177, 'eval_T204_number': 478, 'eval_overall_precision': 0.5537540533798953, 'eval_overall_recall': 0.5747820833692932, 'eval_overall_f1': 0.5640721605827052, 'eval_overall_accuracy': 0.857386171568245, 'eval_runtime': 3.4181, 'eval_samples_per_second': 864.223, 'eval_steps_per_second': 108.247, 'epoch': 1.0}
{'loss': 0.4762, 'grad_norm': 2.298147678375244, 'learning_rate': 4.4852233676975946e-05, 'epoch': 1.03}
{'loss': 0.3839, 'grad_norm': 2.9308862686157227, 'learning_rate': 4.3134020618556705e-05, 'epoch': 1.37}
{'loss': 0.3735, 'grad_norm': 1.953780174255371, 'learning_rate': 4.141580756013746e-05, 'epoch': 1.72}
Computing metrics... # DEBUG
{'eval_loss': 0.40684643387794495, 'eval_T005_precision': 0.44, 'eval_T005_recall': 0.44, 'eval_T005_f1': 0.44, 'eval_T005_number': 25, 'eval_T007_precision': 0.16, 'eval_T007_recall': 0.08888888888888889, 'eval_T007_f1': 0.1142857142857143, 'eval_T007_number': 45, 'eval_T017_precision': 0.5814788226848528, 'eval_T017_recall': 0.656934306569343, 'eval_T017_f1': 0.616907844630617, 'eval_T017_number': 1233, 'eval_T022_precision': 0.0, 'eval_T022_recall': 0.0, 'eval_T022_f1': 0.0, 'eval_T022_number': 9, 'eval_T031_precision': 0.0, 'eval_T031_recall': 0.0, 'eval_T031_f1': 0.0, 'eval_T031_number': 22, 'eval_T033_precision': 0.5036630036630036, 'eval_T033_recall': 0.27749747729566093, 'eval_T033_f1': 0.3578399479505531, 'eval_T033_number': 991, 'eval_T037_precision': 0.32857142857142857, 'eval_T037_recall': 0.5227272727272727, 'eval_T037_f1': 0.4035087719298246, 'eval_T037_number': 44, 'eval_T038_precision': 0.6191646191646192, 'eval_T038_recall': 0.6869158878504673, 'eval_T038_f1': 0.6512829979693557, 'eval_T038_number': 2568, 'eval_T058_precision': 0.6054054054054054, 'eval_T058_recall': 0.527236045729657, 'eval_T058_f1': 0.5636232925952552, 'eval_T058_number': 1487, 'eval_T062_precision': 0.49697885196374625, 'eval_T062_recall': 0.5960144927536232, 'eval_T062_f1': 0.542009884678748, 'eval_T062_number': 552, 'eval_T074_precision': 0.4864864864864865, 'eval_T074_recall': 0.46956521739130436, 'eval_T074_f1': 0.47787610619469023, 'eval_T074_number': 115, 'eval_T082_precision': 0.5306122448979592, 'eval_T082_recall': 0.49056603773584906, 'eval_T082_f1': 0.5098039215686275, 'eval_T082_number': 742, 'eval_T091_precision': 0.0, 'eval_T091_recall': 0.0, 'eval_T091_f1': 0.0, 'eval_T091_number': 20, 'eval_T092_precision': 0.08620689655172414, 'eval_T092_recall': 0.13513513513513514, 'eval_T092_f1': 0.10526315789473685, 'eval_T092_number': 37, 'eval_T097_precision': 0.06666666666666667, 'eval_T097_recall': 0.06666666666666667, 'eval_T097_f1': 0.06666666666666667, 'eval_T097_number': 15, 'eval_T098_precision': 0.7053824362606232, 'eval_T098_recall': 0.7094017094017094, 'eval_T098_f1': 0.7073863636363635, 'eval_T098_number': 351, 'eval_T103_precision': 0.6591375770020534, 'eval_T103_recall': 0.7338820301783264, 'eval_T103_f1': 0.6945045434876677, 'eval_T103_number': 2187, 'eval_T168_precision': 0.5, 'eval_T168_recall': 0.07142857142857142, 'eval_T168_f1': 0.125, 'eval_T168_number': 28, 'eval_T170_precision': 0.5, 'eval_T170_recall': 0.5267558528428093, 'eval_T170_f1': 0.5130293159609121, 'eval_T170_number': 598, 'eval_T201_precision': 0.3333333333333333, 'eval_T201_recall': 0.025, 'eval_T201_f1': 0.046511627906976744, 'eval_T201_number': 40, 'eval_T204_precision': 0.6529209621993127, 'eval_T204_recall': 0.7949790794979079, 'eval_T204_f1': 0.7169811320754718, 'eval_T204_number': 478, 'eval_overall_precision': 0.5939548744146446, 'eval_overall_recall': 0.6020540260636921, 'eval_overall_f1': 0.5979770272587004, 'eval_overall_accuracy': 0.869438593754063, 'eval_runtime': 3.3347, 'eval_samples_per_second': 885.828, 'eval_steps_per_second': 110.953, 'epoch': 2.0}
{'loss': 0.3492, 'grad_norm': 2.0815467834472656, 'learning_rate': 3.9697594501718216e-05, 'epoch': 2.06}
{'loss': 0.2702, 'grad_norm': 2.546581506729126, 'learning_rate': 3.7979381443298975e-05, 'epoch': 2.41}
{'loss': 0.2677, 'grad_norm': 2.3162107467651367, 'learning_rate': 3.6261168384879727e-05, 'epoch': 2.75}
Computing metrics... # DEBUG
{'eval_loss': 0.4085875153541565, 'eval_T005_precision': 0.2631578947368421, 'eval_T005_recall': 0.8, 'eval_T005_f1': 0.396039603960396, 'eval_T005_number': 25, 'eval_T007_precision': 0.2602739726027397, 'eval_T007_recall': 0.4222222222222222, 'eval_T007_f1': 0.3220338983050847, 'eval_T007_number': 45, 'eval_T017_precision': 0.5858585858585859, 'eval_T017_recall': 0.6585563665855637, 'eval_T017_f1': 0.6200840015273005, 'eval_T017_number': 1233, 'eval_T022_precision': 0.0, 'eval_T022_recall': 0.0, 'eval_T022_f1': 0.0, 'eval_T022_number': 9, 'eval_T031_precision': 1.0, 'eval_T031_recall': 0.045454545454545456, 'eval_T031_f1': 0.08695652173913045, 'eval_T031_number': 22, 'eval_T033_precision': 0.4793926247288503, 'eval_T033_recall': 0.44601412714429867, 'eval_T033_f1': 0.4621014113957135, 'eval_T033_number': 991, 'eval_T037_precision': 0.43902439024390244, 'eval_T037_recall': 0.4090909090909091, 'eval_T037_f1': 0.42352941176470593, 'eval_T037_number': 44, 'eval_T038_precision': 0.6728128677912907, 'eval_T038_recall': 0.6678348909657321, 'eval_T038_f1': 0.6703146374829002, 'eval_T038_number': 2568, 'eval_T058_precision': 0.5641998734977862, 'eval_T058_recall': 0.5998655010087425, 'eval_T058_f1': 0.5814863102998695, 'eval_T058_number': 1487, 'eval_T062_precision': 0.5062305295950156, 'eval_T062_recall': 0.5887681159420289, 'eval_T062_f1': 0.5443886097152428, 'eval_T062_number': 552, 'eval_T074_precision': 0.5220588235294118, 'eval_T074_recall': 0.6173913043478261, 'eval_T074_f1': 0.5657370517928287, 'eval_T074_number': 115, 'eval_T082_precision': 0.5106382978723404, 'eval_T082_recall': 0.5498652291105122, 'eval_T082_f1': 0.5295262816353017, 'eval_T082_number': 742, 'eval_T091_precision': 0.5, 'eval_T091_recall': 0.2, 'eval_T091_f1': 0.28571428571428575, 'eval_T091_number': 20, 'eval_T092_precision': 0.13793103448275862, 'eval_T092_recall': 0.43243243243243246, 'eval_T092_f1': 0.2091503267973856, 'eval_T092_number': 37, 'eval_T097_precision': 0.11538461538461539, 'eval_T097_recall': 0.2, 'eval_T097_f1': 0.14634146341463417, 'eval_T097_number': 15, 'eval_T098_precision': 0.6904109589041096, 'eval_T098_recall': 0.717948717948718, 'eval_T098_f1': 0.7039106145251397, 'eval_T098_number': 351, 'eval_T103_precision': 0.6907698851552531, 'eval_T103_recall': 0.7425697302240513, 'eval_T103_f1': 0.7157338034376378, 'eval_T103_number': 2187, 'eval_T168_precision': 0.6363636363636364, 'eval_T168_recall': 0.25, 'eval_T168_f1': 0.358974358974359, 'eval_T168_number': 28, 'eval_T170_precision': 0.5138686131386861, 'eval_T170_recall': 0.5886287625418061, 'eval_T170_f1': 0.54871395167576, 'eval_T170_number': 598, 'eval_T201_precision': 0.6, 'eval_T201_recall': 0.075, 'eval_T201_f1': 0.13333333333333333, 'eval_T201_number': 40, 'eval_T204_precision': 0.7426326129666012, 'eval_T204_recall': 0.7907949790794979, 'eval_T204_f1': 0.7659574468085106, 'eval_T204_number': 478, 'eval_overall_precision': 0.5994137762579385, 'eval_overall_recall': 0.635367221886597, 'eval_overall_f1': 0.6168670660689597, 'eval_overall_accuracy': 0.8735600800894505, 'eval_runtime': 3.3289, 'eval_samples_per_second': 887.368, 'eval_steps_per_second': 111.146, 'epoch': 3.0}
{'loss': 0.2436, 'grad_norm': 3.085825204849243, 'learning_rate': 3.454639175257732e-05, 'epoch': 3.09}
{'loss': 0.1846, 'grad_norm': 2.0616843700408936, 'learning_rate': 3.282817869415808e-05, 'epoch': 3.44}
{'loss': 0.1854, 'grad_norm': 2.5119104385375977, 'learning_rate': 3.110996563573883e-05, 'epoch': 3.78}
Computing metrics... # DEBUG
{'eval_loss': 0.43782249093055725, 'eval_T005_precision': 0.4864864864864865, 'eval_T005_recall': 0.72, 'eval_T005_f1': 0.5806451612903226, 'eval_T005_number': 25, 'eval_T007_precision': 0.36666666666666664, 'eval_T007_recall': 0.24444444444444444, 'eval_T007_f1': 0.29333333333333333, 'eval_T007_number': 45, 'eval_T017_precision': 0.6163663663663663, 'eval_T017_recall': 0.6658556366585564, 'eval_T017_f1': 0.6401559454191033, 'eval_T017_number': 1233, 'eval_T022_precision': 0.0, 'eval_T022_recall': 0.0, 'eval_T022_f1': 0.0, 'eval_T022_number': 9, 'eval_T031_precision': 0.7272727272727273, 'eval_T031_recall': 0.36363636363636365, 'eval_T031_f1': 0.4848484848484849, 'eval_T031_number': 22, 'eval_T033_precision': 0.43986543313709, 'eval_T033_recall': 0.5277497477295661, 'eval_T033_f1': 0.47981651376146794, 'eval_T033_number': 991, 'eval_T037_precision': 0.43137254901960786, 'eval_T037_recall': 0.5, 'eval_T037_f1': 0.4631578947368421, 'eval_T037_number': 44, 'eval_T038_precision': 0.6577327055414705, 'eval_T038_recall': 0.7071651090342679, 'eval_T038_f1': 0.6815537624319759, 'eval_T038_number': 2568, 'eval_T058_precision': 0.5530759951749096, 'eval_T058_recall': 0.6166778749159382, 'eval_T058_f1': 0.583147853736089, 'eval_T058_number': 1487, 'eval_T062_precision': 0.5145348837209303, 'eval_T062_recall': 0.6413043478260869, 'eval_T062_f1': 0.5709677419354838, 'eval_T062_number': 552, 'eval_T074_precision': 0.5348837209302325, 'eval_T074_recall': 0.6, 'eval_T074_f1': 0.5655737704918032, 'eval_T074_number': 115, 'eval_T082_precision': 0.4972253052164262, 'eval_T082_recall': 0.6037735849056604, 'eval_T082_f1': 0.5453438831405965, 'eval_T082_number': 742, 'eval_T091_precision': 0.5, 'eval_T091_recall': 0.2, 'eval_T091_f1': 0.28571428571428575, 'eval_T091_number': 20, 'eval_T092_precision': 0.2727272727272727, 'eval_T092_recall': 0.08108108108108109, 'eval_T092_f1': 0.125, 'eval_T092_number': 37, 'eval_T097_precision': 0.058823529411764705, 'eval_T097_recall': 0.06666666666666667, 'eval_T097_f1': 0.0625, 'eval_T097_number': 15, 'eval_T098_precision': 0.7220630372492837, 'eval_T098_recall': 0.717948717948718, 'eval_T098_f1': 0.72, 'eval_T098_number': 351, 'eval_T103_precision': 0.7112394491337184, 'eval_T103_recall': 0.732053040695016, 'eval_T103_f1': 0.7214961694456962, 'eval_T103_number': 2187, 'eval_T168_precision': 0.625, 'eval_T168_recall': 0.5357142857142857, 'eval_T168_f1': 0.576923076923077, 'eval_T168_number': 28, 'eval_T170_precision': 0.5273556231003039, 'eval_T170_recall': 0.580267558528428, 'eval_T170_f1': 0.552547770700637, 'eval_T170_number': 598, 'eval_T201_precision': 0.42857142857142855, 'eval_T201_recall': 0.15, 'eval_T201_f1': 0.2222222222222222, 'eval_T201_number': 40, 'eval_T204_precision': 0.7188081936685289, 'eval_T204_recall': 0.8075313807531381, 'eval_T204_f1': 0.7605911330049261, 'eval_T204_number': 478, 'eval_overall_precision': 0.60224399494311, 'eval_overall_recall': 0.6578061620781911, 'eval_overall_f1': 0.6288000659984326, 'eval_overall_accuracy': 0.8770704943183295, 'eval_runtime': 3.3429, 'eval_samples_per_second': 883.667, 'eval_steps_per_second': 110.683, 'epoch': 4.0}
{'loss': 0.1593, 'grad_norm': 2.5233442783355713, 'learning_rate': 2.9391752577319585e-05, 'epoch': 4.12}
{'loss': 0.1232, 'grad_norm': 3.1662938594818115, 'learning_rate': 2.7673539518900344e-05, 'epoch': 4.47}
{'loss': 0.1278, 'grad_norm': 2.636394739151001, 'learning_rate': 2.59553264604811e-05, 'epoch': 4.81}
Computing metrics... # DEBUG
{'eval_loss': 0.48187994956970215, 'eval_T005_precision': 0.5555555555555556, 'eval_T005_recall': 0.6, 'eval_T005_f1': 0.576923076923077, 'eval_T005_number': 25, 'eval_T007_precision': 0.6451612903225806, 'eval_T007_recall': 0.4444444444444444, 'eval_T007_f1': 0.5263157894736842, 'eval_T007_number': 45, 'eval_T017_precision': 0.6465448768864178, 'eval_T017_recall': 0.6601784266017843, 'eval_T017_f1': 0.6532905296950241, 'eval_T017_number': 1233, 'eval_T022_precision': 0.3333333333333333, 'eval_T022_recall': 0.1111111111111111, 'eval_T022_f1': 0.16666666666666666, 'eval_T022_number': 9, 'eval_T031_precision': 1.0, 'eval_T031_recall': 0.2727272727272727, 'eval_T031_f1': 0.42857142857142855, 'eval_T031_number': 22, 'eval_T033_precision': 0.5151515151515151, 'eval_T033_recall': 0.4803229061553986, 'eval_T033_f1': 0.4971279373368146, 'eval_T033_number': 991, 'eval_T037_precision': 0.5111111111111111, 'eval_T037_recall': 0.5227272727272727, 'eval_T037_f1': 0.5168539325842696, 'eval_T037_number': 44, 'eval_T038_precision': 0.6887519260400616, 'eval_T038_recall': 0.6962616822429907, 'eval_T038_f1': 0.6924864446165764, 'eval_T038_number': 2568, 'eval_T058_precision': 0.5942219304005253, 'eval_T058_recall': 0.6086079354404842, 'eval_T058_f1': 0.601328903654485, 'eval_T058_number': 1487, 'eval_T062_precision': 0.5295902883156297, 'eval_T062_recall': 0.6322463768115942, 'eval_T062_f1': 0.5763831544178364, 'eval_T062_number': 552, 'eval_T074_precision': 0.584070796460177, 'eval_T074_recall': 0.5739130434782609, 'eval_T074_f1': 0.5789473684210527, 'eval_T074_number': 115, 'eval_T082_precision': 0.5605263157894737, 'eval_T082_recall': 0.5741239892183289, 'eval_T082_f1': 0.5672436750998668, 'eval_T082_number': 742, 'eval_T091_precision': 0.3157894736842105, 'eval_T091_recall': 0.3, 'eval_T091_f1': 0.3076923076923077, 'eval_T091_number': 20, 'eval_T092_precision': 0.18421052631578946, 'eval_T092_recall': 0.1891891891891892, 'eval_T092_f1': 0.18666666666666668, 'eval_T092_number': 37, 'eval_T097_precision': 0.041666666666666664, 'eval_T097_recall': 0.06666666666666667, 'eval_T097_f1': 0.05128205128205127, 'eval_T097_number': 15, 'eval_T098_precision': 0.6463414634146342, 'eval_T098_recall': 0.7549857549857549, 'eval_T098_f1': 0.6964520367936925, 'eval_T098_number': 351, 'eval_T103_precision': 0.7092774690038478, 'eval_T103_recall': 0.7585733882030178, 'eval_T103_f1': 0.7330976579761379, 'eval_T103_number': 2187, 'eval_T168_precision': 0.5454545454545454, 'eval_T168_recall': 0.42857142857142855, 'eval_T168_f1': 0.4799999999999999, 'eval_T168_number': 28, 'eval_T170_precision': 0.510569105691057, 'eval_T170_recall': 0.5250836120401338, 'eval_T170_f1': 0.517724649629019, 'eval_T170_number': 598, 'eval_T201_precision': 0.47368421052631576, 'eval_T201_recall': 0.225, 'eval_T201_f1': 0.30508474576271183, 'eval_T201_number': 40, 'eval_T204_precision': 0.7219047619047619, 'eval_T204_recall': 0.7928870292887029, 'eval_T204_f1': 0.7557328015952144, 'eval_T204_number': 478, 'eval_overall_precision': 0.6306765911181734, 'eval_overall_recall': 0.6508155691723483, 'eval_overall_f1': 0.640587835541964, 'eval_overall_accuracy': 0.8819980757729412, 'eval_runtime': 3.3281, 'eval_samples_per_second': 887.59, 'eval_steps_per_second': 111.174, 'epoch': 5.0}
{'loss': 0.1052, 'grad_norm': 3.5987534523010254, 'learning_rate': 2.4237113402061855e-05, 'epoch': 5.15}
{'loss': 0.087, 'grad_norm': 2.2447972297668457, 'learning_rate': 2.2518900343642614e-05, 'epoch': 5.5}
{'loss': 0.0863, 'grad_norm': 1.576593041419983, 'learning_rate': 2.0804123711340206e-05, 'epoch': 5.84}
Computing metrics... # DEBUG
{'eval_loss': 0.5209351181983948, 'eval_T005_precision': 0.9090909090909091, 'eval_T005_recall': 0.4, 'eval_T005_f1': 0.5555555555555556, 'eval_T005_number': 25, 'eval_T007_precision': 0.5853658536585366, 'eval_T007_recall': 0.5333333333333333, 'eval_T007_f1': 0.5581395348837209, 'eval_T007_number': 45, 'eval_T017_precision': 0.6347962382445141, 'eval_T017_recall': 0.656934306569343, 'eval_T017_f1': 0.6456755679553607, 'eval_T017_number': 1233, 'eval_T022_precision': 0.42857142857142855, 'eval_T022_recall': 0.3333333333333333, 'eval_T022_f1': 0.375, 'eval_T022_number': 9, 'eval_T031_precision': 0.6111111111111112, 'eval_T031_recall': 0.5, 'eval_T031_f1': 0.55, 'eval_T031_number': 22, 'eval_T033_precision': 0.4626728110599078, 'eval_T033_recall': 0.5065590312815338, 'eval_T033_f1': 0.48362235067437376, 'eval_T033_number': 991, 'eval_T037_precision': 0.5641025641025641, 'eval_T037_recall': 0.5, 'eval_T037_f1': 0.5301204819277109, 'eval_T037_number': 44, 'eval_T038_precision': 0.6758179766829635, 'eval_T038_recall': 0.6997663551401869, 'eval_T038_f1': 0.6875837000191315, 'eval_T038_number': 2568, 'eval_T058_precision': 0.5790131168019987, 'eval_T058_recall': 0.6234028244788165, 'eval_T058_f1': 0.6003886010362695, 'eval_T058_number': 1487, 'eval_T062_precision': 0.5305232558139535, 'eval_T062_recall': 0.6612318840579711, 'eval_T062_f1': 0.5887096774193549, 'eval_T062_number': 552, 'eval_T074_precision': 0.5447154471544715, 'eval_T074_recall': 0.5826086956521739, 'eval_T074_f1': 0.5630252100840336, 'eval_T074_number': 115, 'eval_T082_precision': 0.5602027883396705, 'eval_T082_recall': 0.5956873315363881, 'eval_T082_f1': 0.5774003919007185, 'eval_T082_number': 742, 'eval_T091_precision': 0.4375, 'eval_T091_recall': 0.35, 'eval_T091_f1': 0.38888888888888884, 'eval_T091_number': 20, 'eval_T092_precision': 0.19047619047619047, 'eval_T092_recall': 0.10810810810810811, 'eval_T092_f1': 0.13793103448275862, 'eval_T092_number': 37, 'eval_T097_precision': 0.18181818181818182, 'eval_T097_recall': 0.13333333333333333, 'eval_T097_f1': 0.15384615384615383, 'eval_T097_number': 15, 'eval_T098_precision': 0.7165775401069518, 'eval_T098_recall': 0.7635327635327636, 'eval_T098_f1': 0.7393103448275862, 'eval_T098_number': 351, 'eval_T103_precision': 0.7002942412778478, 'eval_T103_recall': 0.7617741197988112, 'eval_T103_f1': 0.7297415681121331, 'eval_T103_number': 2187, 'eval_T168_precision': 0.7692307692307693, 'eval_T168_recall': 0.35714285714285715, 'eval_T168_f1': 0.48780487804878053, 'eval_T168_number': 28, 'eval_T170_precision': 0.5585874799357945, 'eval_T170_recall': 0.5819397993311036, 'eval_T170_f1': 0.57002457002457, 'eval_T170_number': 598, 'eval_T201_precision': 0.4782608695652174, 'eval_T201_recall': 0.275, 'eval_T201_f1': 0.34920634920634924, 'eval_T201_number': 40, 'eval_T204_precision': 0.720226843100189, 'eval_T204_recall': 0.797071129707113, 'eval_T204_f1': 0.7567030784508442, 'eval_T204_number': 478, 'eval_overall_precision': 0.622829790686354, 'eval_overall_recall': 0.6625528609648744, 'eval_overall_f1': 0.6420775310500565, 'eval_overall_accuracy': 0.8816080297475102, 'eval_runtime': 3.4458, 'eval_samples_per_second': 857.27, 'eval_steps_per_second': 107.376, 'epoch': 6.0}
{'loss': 0.0738, 'grad_norm': 2.142000436782837, 'learning_rate': 1.9085910652920962e-05, 'epoch': 6.19}
{'loss': 0.0592, 'grad_norm': 2.4088666439056396, 'learning_rate': 1.736769759450172e-05, 'epoch': 6.53}
{'loss': 0.0595, 'grad_norm': 1.696022391319275, 'learning_rate': 1.5649484536082476e-05, 'epoch': 6.87}
Computing metrics... # DEBUG
{'eval_loss': 0.5762045383453369, 'eval_T005_precision': 0.5882352941176471, 'eval_T005_recall': 0.4, 'eval_T005_f1': 0.4761904761904762, 'eval_T005_number': 25, 'eval_T007_precision': 0.6111111111111112, 'eval_T007_recall': 0.4888888888888889, 'eval_T007_f1': 0.5432098765432098, 'eval_T007_number': 45, 'eval_T017_precision': 0.6547155105222136, 'eval_T017_recall': 0.681265206812652, 'eval_T017_f1': 0.6677265500794913, 'eval_T017_number': 1233, 'eval_T022_precision': 0.3333333333333333, 'eval_T022_recall': 0.3333333333333333, 'eval_T022_f1': 0.3333333333333333, 'eval_T022_number': 9, 'eval_T031_precision': 0.5882352941176471, 'eval_T031_recall': 0.45454545454545453, 'eval_T031_f1': 0.5128205128205129, 'eval_T031_number': 22, 'eval_T033_precision': 0.5188781014023732, 'eval_T033_recall': 0.4853683148335015, 'eval_T033_f1': 0.5015641293013555, 'eval_T033_number': 991, 'eval_T037_precision': 0.6666666666666666, 'eval_T037_recall': 0.5, 'eval_T037_f1': 0.5714285714285715, 'eval_T037_number': 44, 'eval_T038_precision': 0.6890405764125901, 'eval_T038_recall': 0.7075545171339563, 'eval_T038_f1': 0.698174831892411, 'eval_T038_number': 2568, 'eval_T058_precision': 0.5809815950920245, 'eval_T058_recall': 0.636852723604573, 'eval_T058_f1': 0.6076355470003209, 'eval_T058_number': 1487, 'eval_T062_precision': 0.5378670788253478, 'eval_T062_recall': 0.6304347826086957, 'eval_T062_f1': 0.5804837364470392, 'eval_T062_number': 552, 'eval_T074_precision': 0.5748031496062992, 'eval_T074_recall': 0.6347826086956522, 'eval_T074_f1': 0.6033057851239669, 'eval_T074_number': 115, 'eval_T082_precision': 0.6210045662100456, 'eval_T082_recall': 0.5498652291105122, 'eval_T082_f1': 0.5832737669764118, 'eval_T082_number': 742, 'eval_T091_precision': 0.3157894736842105, 'eval_T091_recall': 0.3, 'eval_T091_f1': 0.3076923076923077, 'eval_T091_number': 20, 'eval_T092_precision': 0.17391304347826086, 'eval_T092_recall': 0.21621621621621623, 'eval_T092_f1': 0.19277108433734938, 'eval_T092_number': 37, 'eval_T097_precision': 0.13333333333333333, 'eval_T097_recall': 0.13333333333333333, 'eval_T097_f1': 0.13333333333333333, 'eval_T097_number': 15, 'eval_T098_precision': 0.7342857142857143, 'eval_T098_recall': 0.7321937321937322, 'eval_T098_f1': 0.7332382310984308, 'eval_T098_number': 351, 'eval_T103_precision': 0.7043369474562136, 'eval_T103_recall': 0.7722908093278463, 'eval_T103_f1': 0.7367502726281352, 'eval_T103_number': 2187, 'eval_T168_precision': 0.6190476190476191, 'eval_T168_recall': 0.4642857142857143, 'eval_T168_f1': 0.5306122448979592, 'eval_T168_number': 28, 'eval_T170_precision': 0.5610561056105611, 'eval_T170_recall': 0.568561872909699, 'eval_T170_f1': 0.5647840531561462, 'eval_T170_number': 598, 'eval_T201_precision': 0.39285714285714285, 'eval_T201_recall': 0.275, 'eval_T201_f1': 0.32352941176470584, 'eval_T201_number': 40, 'eval_T204_precision': 0.75, 'eval_T204_recall': 0.7531380753138075, 'eval_T204_f1': 0.7515657620041754, 'eval_T204_number': 478, 'eval_overall_precision': 0.6398230827004924, 'eval_overall_recall': 0.6616898248036592, 'eval_overall_f1': 0.6505727619855749, 'eval_overall_accuracy': 0.8841303273786307, 'eval_runtime': 3.3525, 'eval_samples_per_second': 881.139, 'eval_steps_per_second': 110.366, 'epoch': 7.0}
{'loss': 0.0464, 'grad_norm': 1.4098904132843018, 'learning_rate': 1.3938144329896907e-05, 'epoch': 7.22}
{'loss': 0.0433, 'grad_norm': 1.6044999361038208, 'learning_rate': 1.2219931271477664e-05, 'epoch': 7.56}
{'loss': 0.0424, 'grad_norm': 4.386075019836426, 'learning_rate': 1.050171821305842e-05, 'epoch': 7.9}
Computing metrics... # DEBUG
{'eval_loss': 0.6170564889907837, 'eval_T005_precision': 0.4827586206896552, 'eval_T005_recall': 0.56, 'eval_T005_f1': 0.5185185185185185, 'eval_T005_number': 25, 'eval_T007_precision': 0.65, 'eval_T007_recall': 0.5777777777777777, 'eval_T007_f1': 0.6117647058823529, 'eval_T007_number': 45, 'eval_T017_precision': 0.6292857142857143, 'eval_T017_recall': 0.7145174371451744, 'eval_T017_f1': 0.6691986327383214, 'eval_T017_number': 1233, 'eval_T022_precision': 0.3333333333333333, 'eval_T022_recall': 0.2222222222222222, 'eval_T022_f1': 0.26666666666666666, 'eval_T022_number': 9, 'eval_T031_precision': 0.6666666666666666, 'eval_T031_recall': 0.45454545454545453, 'eval_T031_f1': 0.5405405405405405, 'eval_T031_number': 22, 'eval_T033_precision': 0.48613678373382624, 'eval_T033_recall': 0.5307769929364279, 'eval_T033_f1': 0.5074770863482875, 'eval_T033_number': 991, 'eval_T037_precision': 0.6153846153846154, 'eval_T037_recall': 0.5454545454545454, 'eval_T037_f1': 0.5783132530120482, 'eval_T037_number': 44, 'eval_T038_precision': 0.6678622668579627, 'eval_T038_recall': 0.7250778816199377, 'eval_T038_f1': 0.69529499626587, 'eval_T038_number': 2568, 'eval_T058_precision': 0.5860349127182045, 'eval_T058_recall': 0.6321452589105582, 'eval_T058_f1': 0.6082174053704303, 'eval_T058_number': 1487, 'eval_T062_precision': 0.5186385737439222, 'eval_T062_recall': 0.5797101449275363, 'eval_T062_f1': 0.5474764756201882, 'eval_T062_number': 552, 'eval_T074_precision': 0.5867768595041323, 'eval_T074_recall': 0.6173913043478261, 'eval_T074_f1': 0.6016949152542372, 'eval_T074_number': 115, 'eval_T082_precision': 0.6019690576652602, 'eval_T082_recall': 0.5768194070080862, 'eval_T082_f1': 0.5891259463179628, 'eval_T082_number': 742, 'eval_T091_precision': 0.4117647058823529, 'eval_T091_recall': 0.35, 'eval_T091_f1': 0.37837837837837834, 'eval_T091_number': 20, 'eval_T092_precision': 0.18181818181818182, 'eval_T092_recall': 0.16216216216216217, 'eval_T092_f1': 0.17142857142857143, 'eval_T092_number': 37, 'eval_T097_precision': 0.15, 'eval_T097_recall': 0.2, 'eval_T097_f1': 0.17142857142857143, 'eval_T097_number': 15, 'eval_T098_precision': 0.696969696969697, 'eval_T098_recall': 0.7207977207977208, 'eval_T098_f1': 0.7086834733893558, 'eval_T098_number': 351, 'eval_T103_precision': 0.7378510922871154, 'eval_T103_recall': 0.7567443987197073, 'eval_T103_f1': 0.7471783295711062, 'eval_T103_number': 2187, 'eval_T168_precision': 0.4642857142857143, 'eval_T168_recall': 0.4642857142857143, 'eval_T168_f1': 0.4642857142857143, 'eval_T168_number': 28, 'eval_T170_precision': 0.5516693163751988, 'eval_T170_recall': 0.580267558528428, 'eval_T170_f1': 0.5656071719641401, 'eval_T170_number': 598, 'eval_T201_precision': 0.41379310344827586, 'eval_T201_recall': 0.3, 'eval_T201_f1': 0.34782608695652173, 'eval_T201_number': 40, 'eval_T204_precision': 0.7385229540918163, 'eval_T204_recall': 0.7740585774058577, 'eval_T204_f1': 0.7558733401430031, 'eval_T204_number': 478, 'eval_overall_precision': 0.630937880633374, 'eval_overall_recall': 0.6705790972641754, 'eval_overall_f1': 0.6501547987616099, 'eval_overall_accuracy': 0.8831942169175963, 'eval_runtime': 3.3481, 'eval_samples_per_second': 882.293, 'eval_steps_per_second': 110.511, 'epoch': 8.0}
{'loss': 0.0335, 'grad_norm': 1.9300137758255005, 'learning_rate': 8.786941580756013e-06, 'epoch': 8.25}
{'loss': 0.0291, 'grad_norm': 3.740422487258911, 'learning_rate': 7.068728522336771e-06, 'epoch': 8.59}
{'loss': 0.0304, 'grad_norm': 3.0473225116729736, 'learning_rate': 5.350515463917526e-06, 'epoch': 8.93}
Computing metrics... # DEBUG
{'eval_loss': 0.6548048853874207, 'eval_T005_precision': 0.7058823529411765, 'eval_T005_recall': 0.48, 'eval_T005_f1': 0.5714285714285713, 'eval_T005_number': 25, 'eval_T007_precision': 0.78125, 'eval_T007_recall': 0.5555555555555556, 'eval_T007_f1': 0.6493506493506493, 'eval_T007_number': 45, 'eval_T017_precision': 0.6458646616541354, 'eval_T017_recall': 0.6966747769667477, 'eval_T017_f1': 0.6703082325399922, 'eval_T017_number': 1233, 'eval_T022_precision': 0.3333333333333333, 'eval_T022_recall': 0.1111111111111111, 'eval_T022_f1': 0.16666666666666666, 'eval_T022_number': 9, 'eval_T031_precision': 0.625, 'eval_T031_recall': 0.45454545454545453, 'eval_T031_f1': 0.5263157894736842, 'eval_T031_number': 22, 'eval_T033_precision': 0.4793536804308797, 'eval_T033_recall': 0.5388496468213926, 'eval_T033_f1': 0.5073634204275534, 'eval_T033_number': 991, 'eval_T037_precision': 0.6111111111111112, 'eval_T037_recall': 0.5, 'eval_T037_f1': 0.55, 'eval_T037_number': 44, 'eval_T038_precision': 0.677891654465593, 'eval_T038_recall': 0.721183800623053, 'eval_T038_f1': 0.6988679245283018, 'eval_T038_number': 2568, 'eval_T058_precision': 0.582810539523212, 'eval_T058_recall': 0.624747814391392, 'eval_T058_f1': 0.6030509574813373, 'eval_T058_number': 1487, 'eval_T062_precision': 0.5427631578947368, 'eval_T062_recall': 0.5978260869565217, 'eval_T062_f1': 0.5689655172413792, 'eval_T062_number': 552, 'eval_T074_precision': 0.5934959349593496, 'eval_T074_recall': 0.6347826086956522, 'eval_T074_f1': 0.6134453781512604, 'eval_T074_number': 115, 'eval_T082_precision': 0.605890603085554, 'eval_T082_recall': 0.5822102425876011, 'eval_T082_f1': 0.5938144329896908, 'eval_T082_number': 742, 'eval_T091_precision': 0.4375, 'eval_T091_recall': 0.35, 'eval_T091_f1': 0.38888888888888884, 'eval_T091_number': 20, 'eval_T092_precision': 0.175, 'eval_T092_recall': 0.1891891891891892, 'eval_T092_f1': 0.18181818181818182, 'eval_T092_number': 37, 'eval_T097_precision': 0.14285714285714285, 'eval_T097_recall': 0.13333333333333333, 'eval_T097_f1': 0.1379310344827586, 'eval_T097_number': 15, 'eval_T098_precision': 0.695054945054945, 'eval_T098_recall': 0.7207977207977208, 'eval_T098_f1': 0.7076923076923077, 'eval_T098_number': 351, 'eval_T103_precision': 0.7233115468409586, 'eval_T103_recall': 0.7590306355738454, 'eval_T103_f1': 0.7407407407407407, 'eval_T103_number': 2187, 'eval_T168_precision': 0.3888888888888889, 'eval_T168_recall': 0.5, 'eval_T168_f1': 0.43750000000000006, 'eval_T168_number': 28, 'eval_T170_precision': 0.5480769230769231, 'eval_T170_recall': 0.5719063545150501, 'eval_T170_f1': 0.5597381342062192, 'eval_T170_number': 598, 'eval_T201_precision': 0.4444444444444444, 'eval_T201_recall': 0.3, 'eval_T201_f1': 0.3582089552238806, 'eval_T201_number': 40, 'eval_T204_precision': 0.7470355731225297, 'eval_T204_recall': 0.7907949790794979, 'eval_T204_f1': 0.7682926829268293, 'eval_T204_number': 478, 'eval_overall_precision': 0.6334967320261438, 'eval_overall_recall': 0.6691982394062311, 'eval_overall_f1': 0.6508582700297981, 'eval_overall_accuracy': 0.8841823335153548, 'eval_runtime': 3.3366, 'eval_samples_per_second': 885.32, 'eval_steps_per_second': 110.89, 'epoch': 9.0}
{'loss': 0.024, 'grad_norm': 0.7598909735679626, 'learning_rate': 3.632302405498282e-06, 'epoch': 9.28}
{'loss': 0.0223, 'grad_norm': 3.0614054203033447, 'learning_rate': 1.914089347079038e-06, 'epoch': 9.62}
{'loss': 0.0223, 'grad_norm': 1.3121155500411987, 'learning_rate': 1.958762886597938e-07, 'epoch': 9.97}
Computing metrics... # DEBUG
{'eval_loss': 0.6747751235961914, 'eval_T005_precision': 0.6, 'eval_T005_recall': 0.48, 'eval_T005_f1': 0.5333333333333332, 'eval_T005_number': 25, 'eval_T007_precision': 0.631578947368421, 'eval_T007_recall': 0.5333333333333333, 'eval_T007_f1': 0.5783132530120482, 'eval_T007_number': 45, 'eval_T017_precision': 0.6567732115677322, 'eval_T017_recall': 0.699918896999189, 'eval_T017_f1': 0.6776599921476247, 'eval_T017_number': 1233, 'eval_T022_precision': 0.5, 'eval_T022_recall': 0.2222222222222222, 'eval_T022_f1': 0.30769230769230765, 'eval_T022_number': 9, 'eval_T031_precision': 0.5882352941176471, 'eval_T031_recall': 0.45454545454545453, 'eval_T031_f1': 0.5128205128205129, 'eval_T031_number': 22, 'eval_T033_precision': 0.5228377065111759, 'eval_T033_recall': 0.5428859737638748, 'eval_T033_f1': 0.5326732673267326, 'eval_T033_number': 991, 'eval_T037_precision': 0.5833333333333334, 'eval_T037_recall': 0.4772727272727273, 'eval_T037_f1': 0.5250000000000001, 'eval_T037_number': 44, 'eval_T038_precision': 0.6860768943635684, 'eval_T038_recall': 0.7157320872274143, 'eval_T038_f1': 0.700590813798361, 'eval_T038_number': 2568, 'eval_T058_precision': 0.5853066180935034, 'eval_T058_recall': 0.648285137861466, 'eval_T058_f1': 0.6151882578174857, 'eval_T058_number': 1487, 'eval_T062_precision': 0.5269168026101142, 'eval_T062_recall': 0.5851449275362319, 'eval_T062_f1': 0.5545064377682403, 'eval_T062_number': 552, 'eval_T074_precision': 0.5867768595041323, 'eval_T074_recall': 0.6173913043478261, 'eval_T074_f1': 0.6016949152542372, 'eval_T074_number': 115, 'eval_T082_precision': 0.5883940620782726, 'eval_T082_recall': 0.5876010781671159, 'eval_T082_f1': 0.5879973027646662, 'eval_T082_number': 742, 'eval_T091_precision': 0.4666666666666667, 'eval_T091_recall': 0.35, 'eval_T091_f1': 0.4, 'eval_T091_number': 20, 'eval_T092_precision': 0.2, 'eval_T092_recall': 0.1891891891891892, 'eval_T092_f1': 0.19444444444444445, 'eval_T092_number': 37, 'eval_T097_precision': 0.16666666666666666, 'eval_T097_recall': 0.2, 'eval_T097_f1': 0.1818181818181818, 'eval_T097_number': 15, 'eval_T098_precision': 0.6920980926430518, 'eval_T098_recall': 0.7236467236467237, 'eval_T098_f1': 0.7075208913649026, 'eval_T098_number': 351, 'eval_T103_precision': 0.7330097087378641, 'eval_T103_recall': 0.7594878829446731, 'eval_T103_f1': 0.7460139231978441, 'eval_T103_number': 2187, 'eval_T168_precision': 0.41935483870967744, 'eval_T168_recall': 0.4642857142857143, 'eval_T168_f1': 0.44067796610169496, 'eval_T168_number': 28, 'eval_T170_precision': 0.5586319218241043, 'eval_T170_recall': 0.5735785953177257, 'eval_T170_f1': 0.5660066006600659, 'eval_T170_number': 598, 'eval_T201_precision': 0.3939393939393939, 'eval_T201_recall': 0.325, 'eval_T201_f1': 0.35616438356164376, 'eval_T201_number': 40, 'eval_T204_precision': 0.7485148514851485, 'eval_T204_recall': 0.7907949790794979, 'eval_T204_f1': 0.7690742624618515, 'eval_T204_number': 478, 'eval_overall_precision': 0.6407806966976859, 'eval_overall_recall': 0.671528437041512, 'eval_overall_f1': 0.6557943531394859, 'eval_overall_accuracy': 0.8854954884676391, 'eval_runtime': 3.3633, 'eval_samples_per_second': 878.309, 'eval_steps_per_second': 110.012, 'epoch': 10.0}
{'train_runtime': 810.6201, 'train_samples_per_second': 287.101, 'train_steps_per_second': 17.949, 'train_loss': 0.17750548025177107, 'epoch': 10.0}
***** train metrics *****
  epoch                    =       10.0
  total_flos               =  7734244GF
  train_loss               =     0.1775
  train_runtime            = 0:13:30.62
  train_samples            =      23273
  train_samples_per_second =    287.101
  train_steps_per_second   =     17.949
04/13/2025 03:00:04 - INFO - __main__ - *** Evaluate ***
Computing metrics... # DEBUG
***** eval metrics *****
  epoch                   =       10.0
  eval_T005_f1            =     0.5333
  eval_T005_number        =         25
  eval_T005_precision     =        0.6
  eval_T005_recall        =       0.48
  eval_T007_f1            =     0.5783
  eval_T007_number        =         45
  eval_T007_precision     =     0.6316
  eval_T007_recall        =     0.5333
  eval_T017_f1            =     0.6777
  eval_T017_number        =       1233
  eval_T017_precision     =     0.6568
  eval_T017_recall        =     0.6999
  eval_T022_f1            =     0.3077
  eval_T022_number        =          9
  eval_T022_precision     =        0.5
  eval_T022_recall        =     0.2222
  eval_T031_f1            =     0.5128
  eval_T031_number        =         22
  eval_T031_precision     =     0.5882
  eval_T031_recall        =     0.4545
  eval_T033_f1            =     0.5327
  eval_T033_number        =        991
  eval_T033_precision     =     0.5228
  eval_T033_recall        =     0.5429
  eval_T037_f1            =      0.525
  eval_T037_number        =         44
  eval_T037_precision     =     0.5833
  eval_T037_recall        =     0.4773
  eval_T038_f1            =     0.7006
  eval_T038_number        =       2568
  eval_T038_precision     =     0.6861
  eval_T038_recall        =     0.7157
  eval_T058_f1            =     0.6152
  eval_T058_number        =       1487
  eval_T058_precision     =     0.5853
  eval_T058_recall        =     0.6483
  eval_T062_f1            =     0.5545
  eval_T062_number        =        552
  eval_T062_precision     =     0.5269
  eval_T062_recall        =     0.5851
  eval_T074_f1            =     0.6017
  eval_T074_number        =        115
  eval_T074_precision     =     0.5868
  eval_T074_recall        =     0.6174
  eval_T082_f1            =      0.588
  eval_T082_number        =        742
  eval_T082_precision     =     0.5884
  eval_T082_recall        =     0.5876
  eval_T091_f1            =        0.4
  eval_T091_number        =         20
  eval_T091_precision     =     0.4667
  eval_T091_recall        =       0.35
  eval_T092_f1            =     0.1944
  eval_T092_number        =         37
  eval_T092_precision     =        0.2
  eval_T092_recall        =     0.1892
  eval_T097_f1            =     0.1818
  eval_T097_number        =         15
  eval_T097_precision     =     0.1667
  eval_T097_recall        =        0.2
  eval_T098_f1            =     0.7075
  eval_T098_number        =        351
  eval_T098_precision     =     0.6921
  eval_T098_recall        =     0.7236
  eval_T103_f1            =      0.746
  eval_T103_number        =       2187
  eval_T103_precision     =      0.733
  eval_T103_recall        =     0.7595
  eval_T168_f1            =     0.4407
  eval_T168_number        =         28
  eval_T168_precision     =     0.4194
  eval_T168_recall        =     0.4643
  eval_T170_f1            =      0.566
  eval_T170_number        =        598
  eval_T170_precision     =     0.5586
  eval_T170_recall        =     0.5736
  eval_T201_f1            =     0.3562
  eval_T201_number        =         40
  eval_T201_precision     =     0.3939
  eval_T201_recall        =      0.325
  eval_T204_f1            =     0.7691
  eval_T204_number        =        478
  eval_T204_precision     =     0.7485
  eval_T204_recall        =     0.7908
  eval_loss               =     0.6748
  eval_overall_accuracy   =     0.8855
  eval_overall_f1         =     0.6558
  eval_overall_precision  =     0.6408
  eval_overall_recall     =     0.6715
  eval_runtime            = 0:00:03.32
  eval_samples            =       2954
  eval_samples_per_second =    888.273
  eval_steps_per_second   =     111.26
04/13/2025 03:00:07 - INFO - __main__ - *** Predict ***
Computing metrics... # DEBUG
***** predict metrics *****
  predict_T005_f1            =     0.5641
  predict_T005_number        =         24
  predict_T005_precision     =     0.7333
  predict_T005_recall        =     0.4583
  predict_T007_f1            =     0.6897
  predict_T007_number        =         44
  predict_T007_precision     =     0.6977
  predict_T007_recall        =     0.6818
  predict_T017_f1            =     0.6894
  predict_T017_number        =       1271
  predict_T017_precision     =     0.6647
  predict_T017_recall        =      0.716
  predict_T022_f1            =     0.1538
  predict_T022_number        =          9
  predict_T022_precision     =       0.25
  predict_T022_recall        =     0.1111
  predict_T031_f1            =     0.4138
  predict_T031_number        =         20
  predict_T031_precision     =     0.6667
  predict_T031_recall        =        0.3
  predict_T033_f1            =     0.5087
  predict_T033_number        =        981
  predict_T033_precision     =     0.5238
  predict_T033_recall        =     0.4944
  predict_T037_f1            =        0.6
  predict_T037_number        =         43
  predict_T037_precision     =     0.6486
  predict_T037_recall        =     0.5581
  predict_T038_f1            =     0.6957
  predict_T038_number        =       2515
  predict_T038_precision     =     0.6775
  predict_T038_recall        =     0.7149
  predict_T058_f1            =     0.5894
  predict_T058_number        =       1473
  predict_T058_precision     =     0.5635
  predict_T058_recall        =     0.6178
  predict_T062_f1            =     0.5437
  predict_T062_number        =        528
  predict_T062_precision     =     0.5049
  predict_T062_recall        =      0.589
  predict_T074_f1            =     0.5768
  predict_T074_number        =        126
  predict_T074_precision     =     0.5461
  predict_T074_recall        =     0.6111
  predict_T082_f1            =     0.6333
  predict_T082_number        =        752
  predict_T082_precision     =     0.6046
  predict_T082_recall        =     0.6649
  predict_T091_f1            =     0.4242
  predict_T091_number        =         19
  predict_T091_precision     =        0.5
  predict_T091_recall        =     0.3684
  predict_T092_f1            =     0.3947
  predict_T092_number        =         46
  predict_T092_precision     =        0.5
  predict_T092_recall        =     0.3261
  predict_T097_f1            =      0.069
  predict_T097_number        =         14
  predict_T097_precision     =     0.0667
  predict_T097_recall        =     0.0714
  predict_T098_f1            =     0.7117
  predict_T098_number        =        384
  predict_T098_precision     =     0.6975
  predict_T098_recall        =     0.7266
  predict_T103_f1            =     0.7436
  predict_T103_number        =       2200
  predict_T103_precision     =      0.719
  predict_T103_recall        =       0.77
  predict_T168_f1            =     0.2857
  predict_T168_number        =         29
  predict_T168_precision     =       0.35
  predict_T168_recall        =     0.2414
  predict_T170_f1            =     0.5361
  predict_T170_number        =        590
  predict_T170_precision     =     0.5252
  predict_T170_recall        =     0.5475
  predict_T201_f1            =     0.4179
  predict_T201_number        =         39
  predict_T201_precision     =        0.5
  predict_T201_recall        =      0.359
  predict_T204_f1            =     0.7882
  predict_T204_number        =        494
  predict_T204_precision     =     0.7678
  predict_T204_recall        =     0.8097
  predict_loss               =     0.6995
  predict_overall_accuracy   =     0.8828
  predict_overall_f1         =     0.6542
  predict_overall_precision  =     0.6367
  predict_overall_recall     =     0.6726
  predict_runtime            = 0:00:03.36
  predict_samples_per_second =    855.423
  predict_steps_per_second   =    106.928
