Working directory: /srv/nfs/logti-hyper-c1/av00680@ens.ad.etsmtl.ca/mti881-projet2/etape4
Starting at Tue Apr 15 14:14:00 EDT 2025
Running on logti-hyperbole.ens.ad.etsmtl.ca
Current user: av00680@ens.ad.etsmtl.ca
Directory ~ : job
mti881-projet2
projet2_phase0
projet2_phase1
projet2_phase1main
projet2_phase2
projet2_phase3
Tue Apr 15 14:14:00 2025       
+-----------------------------------------------------------------------------------------+
| NVIDIA-SMI 570.124.06             Driver Version: 570.124.06     CUDA Version: 12.8     |
|-----------------------------------------+------------------------+----------------------+
| GPU  Name                 Persistence-M | Bus-Id          Disp.A | Volatile Uncorr. ECC |
| Fan  Temp   Perf          Pwr:Usage/Cap |           Memory-Usage | GPU-Util  Compute M. |
|                                         |                        |               MIG M. |
|=========================================+========================+======================|
|   0  NVIDIA RTX A6000               On  |   00000000:01:00.0 Off |                  Off |
| 49%   74C    P0            288W /  300W |    9240MiB /  49140MiB |     93%      Default |
|                                         |                        |                  N/A |
+-----------------------------------------+------------------------+----------------------+
|   1  NVIDIA RTX A6000               On  |   00000000:02:00.0 Off |                  Off |
| 52%   79C    P0            272W /  300W |    3264MiB /  49140MiB |     82%      Default |
|                                         |                        |                  N/A |
+-----------------------------------------+------------------------+----------------------+
|   2  NVIDIA RTX A6000               On  |   00000000:C1:00.0 Off |                  Off |
| 30%   26C    P8             23W /  300W |       2MiB /  49140MiB |      0%      Default |
|                                         |                        |                  N/A |
+-----------------------------------------+------------------------+----------------------+
|   3  NVIDIA RTX A6000               On  |   00000000:C2:00.0 Off |                  Off |
| 30%   28C    P8             19W /  300W |       2MiB /  49140MiB |      0%      Default |
|                                         |                        |                  N/A |
+-----------------------------------------+------------------------+----------------------+
                                                                                         
+-----------------------------------------------------------------------------------------+
| Processes:                                                                              |
|  GPU   GI   CI              PID   Type   Process name                        GPU Memory |
|        ID   ID                                                               Usage      |
|=========================================================================================|
|    0   N/A  N/A          157597      C   python                                 9230MiB |
|    1   N/A  N/A          158141      C   python3                                3254MiB |
+-----------------------------------------------------------------------------------------+
starting...
04/15/2025 14:14:04 - WARNING - __main__ - Process rank: 0, device: cuda:0, n_gpu: 1, distributed training: False, 16-bits training: True
04/15/2025 14:14:04 - INFO - __main__ - Training/evaluation parameters TrainingArguments(
_n_gpu=1,
accelerator_config={'split_batches': False, 'dispatch_batches': None, 'even_batches': True, 'use_seedable_sampler': True, 'non_blocking': False, 'gradient_accumulation_kwargs': None, 'use_configured_state': False},
adafactor=False,
adam_beta1=0.9,
adam_beta2=0.999,
adam_epsilon=1e-08,
auto_find_batch_size=False,
average_tokens_across_devices=False,
batch_eval_metrics=False,
bf16=False,
bf16_full_eval=False,
data_seed=42,
dataloader_drop_last=False,
dataloader_num_workers=0,
dataloader_persistent_workers=False,
dataloader_pin_memory=True,
dataloader_prefetch_factor=None,
ddp_backend=None,
ddp_broadcast_buffers=None,
ddp_bucket_cap_mb=None,
ddp_find_unused_parameters=None,
ddp_timeout=1800,
debug=[],
deepspeed=None,
disable_tqdm=False,
do_eval=True,
do_predict=True,
do_train=True,
eval_accumulation_steps=None,
eval_delay=0,
eval_do_concat_batches=True,
eval_on_start=False,
eval_steps=None,
eval_strategy=IntervalStrategy.EPOCH,
eval_use_gather_object=False,
fp16=True,
fp16_backend=auto,
fp16_full_eval=False,
fp16_opt_level=O1,
fsdp=[],
fsdp_config={'min_num_params': 0, 'xla': False, 'xla_fsdp_v2': False, 'xla_fsdp_grad_ckpt': False},
fsdp_min_num_params=0,
fsdp_transformer_layer_cls_to_wrap=None,
full_determinism=False,
gradient_accumulation_steps=2,
gradient_checkpointing=False,
gradient_checkpointing_kwargs=None,
greater_is_better=None,
group_by_length=False,
half_precision_backend=auto,
hub_always_push=False,
hub_model_id=None,
hub_private_repo=None,
hub_strategy=HubStrategy.EVERY_SAVE,
hub_token=<HUB_TOKEN>,
ignore_data_skip=False,
include_for_metrics=[],
include_inputs_for_metrics=False,
include_num_input_tokens_seen=False,
include_tokens_per_second=False,
jit_mode_eval=False,
label_names=None,
label_smoothing_factor=0.0,
learning_rate=5e-05,
length_column_name=length,
load_best_model_at_end=False,
local_rank=0,
log_level=passive,
log_level_replica=warning,
log_on_each_node=True,
logging_dir=test-ner/runs/Apr15_14-14-04_logti-hyperbole.ens.ad.etsmtl.ca,
logging_first_step=False,
logging_nan_inf_filter=True,
logging_steps=500,
logging_strategy=IntervalStrategy.STEPS,
lr_scheduler_kwargs={},
lr_scheduler_type=SchedulerType.LINEAR,
max_grad_norm=1.0,
max_steps=-1,
metric_for_best_model=None,
mp_parameters=,
neftune_noise_alpha=None,
no_cuda=False,
num_train_epochs=10.0,
optim=OptimizerNames.ADAMW_TORCH,
optim_args=None,
optim_target_modules=None,
output_dir=test-ner,
overwrite_output_dir=True,
past_index=-1,
per_device_eval_batch_size=8,
per_device_train_batch_size=8,
prediction_loss_only=False,
push_to_hub=False,
push_to_hub_model_id=None,
push_to_hub_organization=None,
push_to_hub_token=<PUSH_TO_HUB_TOKEN>,
ray_scope=last,
remove_unused_columns=True,
report_to=[],
restore_callback_states_from_checkpoint=False,
resume_from_checkpoint=None,
run_name=test-ner,
save_on_each_node=False,
save_only_model=False,
save_safetensors=True,
save_steps=500,
save_strategy=SaveStrategy.STEPS,
save_total_limit=3,
seed=42,
skip_memory_metrics=True,
tf32=None,
torch_compile=False,
torch_compile_backend=None,
torch_compile_mode=None,
torch_empty_cache_steps=None,
torchdynamo=None,
tp_size=0,
tpu_metrics_debug=False,
tpu_num_cores=None,
use_cpu=False,
use_ipex=False,
use_legacy_prediction_loop=False,
use_liger_kernel=False,
use_mps_device=False,
warmup_ratio=0.0,
warmup_steps=0,
weight_decay=0.0,
)
04/15/2025 14:14:04 - INFO - datasets.builder - Using custom data configuration default-c7854dfa73dc4db9
04/15/2025 14:14:04 - INFO - datasets.info - Loading Dataset Infos from /mnt/home/av00680@ens.ad.etsmtl.ca/mti881-projet2/venv/lib/python3.12/site-packages/datasets/packaged_modules/json
04/15/2025 14:14:04 - INFO - datasets.builder - Overwrite dataset info from restored data version if exists.
04/15/2025 14:14:04 - INFO - datasets.info - Loading Dataset info from .cache/datasets/json/default-c7854dfa73dc4db9/0.0.0/f4e89e8750d5d5ffbef2c078bf0ddfedef29dc2faff52a6255cf513c05eb1092
04/15/2025 14:14:04 - INFO - datasets.builder - Found cached dataset json (/srv/nfs/logti-hyper-c1/av00680@ens.ad.etsmtl.ca/mti881-projet2/etape4/.cache/datasets/json/default-c7854dfa73dc4db9/0.0.0/f4e89e8750d5d5ffbef2c078bf0ddfedef29dc2faff52a6255cf513c05eb1092)
04/15/2025 14:14:04 - INFO - datasets.info - Loading Dataset info from /srv/nfs/logti-hyper-c1/av00680@ens.ad.etsmtl.ca/mti881-projet2/etape4/.cache/datasets/json/default-c7854dfa73dc4db9/0.0.0/f4e89e8750d5d5ffbef2c078bf0ddfedef29dc2faff52a6255cf513c05eb1092
Dataset combiné avant split: Dataset({
    features: ['tokens', 'ner_tags'],
    num_rows: 27994
})
Nombre d'exemples: 27994
Extraction des NER-Tags...
Fait!
Création du mapping TUI vers indice...
Fait!
Shuffle des indices avant le split...
Fait!
Création du premier split (train VS reste)...
Fait!
Création du deuxième split (val VS test)...
Fait!
Conversion des indices...
Fait! 
Tous les exemples sont dans un split! et sans overlaps.
Séparation en Train - Validation - Test terminée!

=== Debug Labels ===
Nombre total de labels uniques: 91
Liste complète des labels: ['B-T005', 'B-T007', 'B-T017', 'B-T019', 'B-T020', 'B-T023', 'B-T024', 'B-T025', 'B-T026', 'B-T028', 'B-T031', 'B-T033', 'B-T037', 'B-T038', 'B-T039', 'B-T040', 'B-T041', 'B-T043', 'B-T044', 'B-T045', 'B-T046', 'B-T047', 'B-T048', 'B-T058', 'B-T059', 'B-T062', 'B-T063', 'B-T070', 'B-T074', 'B-T080', 'B-T082', 'B-T098', 'B-T103', 'B-T104', 'B-T109', 'B-T114', 'B-T116', 'B-T121', 'B-T123', 'B-T125', 'B-T129', 'B-T167', 'B-T169', 'B-T170', 'B-T184', 'B-T190', 'B-T191', 'B-T196', 'B-T204', 'I-T005', 'I-T007', 'I-T017', 'I-T019', 'I-T020', 'I-T023', 'I-T024', 'I-T025', 'I-T026', 'I-T028', 'I-T033', 'I-T037', 'I-T038', 'I-T041', 'I-T043', 'I-T044', 'I-T045', 'I-T046', 'I-T047', 'I-T048', 'I-T058', 'I-T059', 'I-T062', 'I-T063', 'I-T070', 'I-T074', 'I-T082', 'I-T098', 'I-T103', 'I-T109', 'I-T114', 'I-T116', 'I-T121', 'I-T125', 'I-T129', 'I-T167', 'I-T170', 'I-T184', 'I-T190', 'I-T191', 'I-T204', 'O']
Exemple de mapping label -> ID: {'B-T005': 0, 'B-T007': 1, 'B-T017': 2, 'B-T019': 3, 'B-T020': 4}
===================

Labels uniques après filtrage: [ 0  1  2  3  4  5  6  7  8  9 10 11 12 13 14 15 16 17 18 19 20 21 22 23
 24 25 26 27 28 29 30 31 32 33 34 35 36 37 38 39 40 41 42 43 44 45 46 47
 48 49 50 51 52 53 54 55 56 57 58 59 60 61 62 63 64 65 66 67 68 69 70 71
 72 73 74 75 76 77 78 79 80 81 82 83 84 85 86 87 88 89 90]
04/15/2025 14:14:18 - INFO - datasets.arrow_dataset - Loading cached processed dataset at /srv/nfs/logti-hyper-c1/av00680@ens.ad.etsmtl.ca/mti881-projet2/etape4/.cache/datasets/json/default-c7854dfa73dc4db9/0.0.0/f4e89e8750d5d5ffbef2c078bf0ddfedef29dc2faff52a6255cf513c05eb1092/cache-329221fabcd8533c.arrow
04/15/2025 14:14:18 - INFO - datasets.arrow_dataset - Loading cached processed dataset at /srv/nfs/logti-hyper-c1/av00680@ens.ad.etsmtl.ca/mti881-projet2/etape4/.cache/datasets/json/default-c7854dfa73dc4db9/0.0.0/f4e89e8750d5d5ffbef2c078bf0ddfedef29dc2faff52a6255cf513c05eb1092/cache-e5010755f1e71c18.arrow
04/15/2025 14:14:18 - INFO - datasets.arrow_dataset - Loading cached processed dataset at /srv/nfs/logti-hyper-c1/av00680@ens.ad.etsmtl.ca/mti881-projet2/etape4/.cache/datasets/json/default-c7854dfa73dc4db9/0.0.0/f4e89e8750d5d5ffbef2c078bf0ddfedef29dc2faff52a6255cf513c05eb1092/cache-c8f9b8ca44d25e13.arrow
{'loss': 2.157, 'grad_norm': 4.913710594177246, 'learning_rate': 4.8228571428571426e-05, 'epoch': 0.36}
{'loss': 1.5981, 'grad_norm': 7.734620571136475, 'learning_rate': 4.6442857142857146e-05, 'epoch': 0.71}
Computing metrics... # DEBUG
{'eval_loss': 1.3574057817459106, 'eval_T005_precision': 1.0, 'eval_T005_recall': 0.5, 'eval_T005_f1': 0.6666666666666666, 'eval_T005_number': 4, 'eval_T007_precision': 0.0, 'eval_T007_recall': 0.0, 'eval_T007_f1': 0.0, 'eval_T007_number': 1, 'eval_T017_precision': 0.36562001064395955, 'eval_T017_recall': 0.5535858178887993, 'eval_T017_f1': 0.4403846153846154, 'eval_T017_number': 1241, 'eval_T020_precision': 0.0, 'eval_T020_recall': 0.0, 'eval_T020_f1': 0.0, 'eval_T020_number': 2, 'eval_T023_precision': 0.0, 'eval_T023_recall': 0.0, 'eval_T023_f1': 0.0, 'eval_T023_number': 10, 'eval_T024_precision': 0.0, 'eval_T024_recall': 0.0, 'eval_T024_f1': 0.0, 'eval_T024_number': 1, 'eval_T025_precision': 0.0, 'eval_T025_recall': 0.0, 'eval_T025_f1': 0.0, 'eval_T025_number': 8, 'eval_T028_precision': 0.0, 'eval_T028_recall': 0.0, 'eval_T028_f1': 0.0, 'eval_T028_number': 17, 'eval_T033_precision': 0.08322616204299099, 'eval_T033_recall': 0.4489593657086224, 'eval_T033_f1': 0.14042157470551764, 'eval_T033_number': 1009, 'eval_T037_precision': 0.0, 'eval_T037_recall': 0.0, 'eval_T037_f1': 0.0, 'eval_T037_number': 2, 'eval_T038_precision': 0.35034740780331375, 'eval_T038_recall': 0.5200317334391115, 'eval_T038_f1': 0.4186492096439406, 'eval_T038_number': 2521, 'eval_T039_precision': 0.0, 'eval_T039_recall': 0.0, 'eval_T039_f1': 0.0, 'eval_T039_number': 1, 'eval_T044_precision': 0.0, 'eval_T044_recall': 0.0, 'eval_T044_f1': 0.0, 'eval_T044_number': 1, 'eval_T045_precision': 0.0, 'eval_T045_recall': 0.0, 'eval_T045_f1': 0.0, 'eval_T045_number': 3, 'eval_T046_precision': 0.2, 'eval_T046_recall': 0.4, 'eval_T046_f1': 0.26666666666666666, 'eval_T046_number': 5, 'eval_T047_precision': 0.0, 'eval_T047_recall': 0.0, 'eval_T047_f1': 0.0, 'eval_T047_number': 33, 'eval_T048_precision': 0.14285714285714285, 'eval_T048_recall': 0.5, 'eval_T048_f1': 0.22222222222222224, 'eval_T048_number': 6, 'eval_T058_precision': 0.2295186483901817, 'eval_T058_recall': 0.5031446540880503, 'eval_T058_f1': 0.31523642732049034, 'eval_T058_number': 1431, 'eval_T062_precision': 0.25, 'eval_T062_recall': 0.6145251396648045, 'eval_T062_f1': 0.3554119547657512, 'eval_T062_number': 537, 'eval_T074_precision': 0.15990453460620524, 'eval_T074_recall': 0.5537190082644629, 'eval_T074_f1': 0.24814814814814815, 'eval_T074_number': 121, 'eval_T082_precision': 0.17627441638875654, 'eval_T082_recall': 0.4713375796178344, 'eval_T082_f1': 0.2565880721220527, 'eval_T082_number': 785, 'eval_T098_precision': 0.2553191489361702, 'eval_T098_recall': 0.717391304347826, 'eval_T098_f1': 0.37660485021398, 'eval_T098_number': 368, 'eval_T103_precision': 0.47930775018811134, 'eval_T103_recall': 0.594493700419972, 'eval_T103_f1': 0.5307227660903978, 'eval_T103_number': 2143, 'eval_T109_precision': 0.0, 'eval_T109_recall': 0.0, 'eval_T109_f1': 0.0, 'eval_T109_number': 7, 'eval_T114_precision': 0.0, 'eval_T114_recall': 0.0, 'eval_T114_f1': 0.0, 'eval_T114_number': 2, 'eval_T116_precision': 0.0, 'eval_T116_recall': 0.0, 'eval_T116_f1': 0.0, 'eval_T116_number': 18, 'eval_T121_precision': 0.0, 'eval_T121_recall': 0.0, 'eval_T121_f1': 0.0, 'eval_T121_number': 2, 'eval_T123_precision': 0.0, 'eval_T123_recall': 0.0, 'eval_T123_f1': 0.0, 'eval_T123_number': 1, 'eval_T170_precision': 0.13094753965026434, 'eval_T170_recall': 0.5023400936037441, 'eval_T170_f1': 0.20774193548387096, 'eval_T170_number': 641, 'eval_T184_precision': 0.0, 'eval_T184_recall': 0.0, 'eval_T184_f1': 0.0, 'eval_T184_number': 1, 'eval_T190_precision': 0.0, 'eval_T190_recall': 0.0, 'eval_T190_f1': 0.0, 'eval_T190_number': 1, 'eval_T191_precision': 0.0, 'eval_T191_recall': 0.0, 'eval_T191_f1': 0.0, 'eval_T191_number': 23, 'eval_T204_precision': 0.415, 'eval_T204_recall': 0.6747967479674797, 'eval_T204_f1': 0.5139318885448916, 'eval_T204_number': 492, 'eval_overall_precision': 0.24523476523476523, 'eval_overall_recall': 0.5365448504983389, 'eval_overall_f1': 0.3366151989688177, 'eval_overall_accuracy': 0.6514109911651398, 'eval_runtime': 3.3358, 'eval_samples_per_second': 842.081, 'eval_steps_per_second': 105.522, 'epoch': 1.0}
{'loss': 1.409, 'grad_norm': 8.994114875793457, 'learning_rate': 4.465714285714286e-05, 'epoch': 1.07}
{'loss': 1.0312, 'grad_norm': 7.738658905029297, 'learning_rate': 4.287142857142857e-05, 'epoch': 1.43}
{'loss': 1.0349, 'grad_norm': 12.762993812561035, 'learning_rate': 4.1085714285714286e-05, 'epoch': 1.79}
Computing metrics... # DEBUG
{'eval_loss': 1.2638959884643555, 'eval_T005_precision': 0.4, 'eval_T005_recall': 0.5, 'eval_T005_f1': 0.4444444444444445, 'eval_T005_number': 4, 'eval_T007_precision': 0.0, 'eval_T007_recall': 0.0, 'eval_T007_f1': 0.0, 'eval_T007_number': 1, 'eval_T017_precision': 0.4289805269186712, 'eval_T017_recall': 0.6035455278001611, 'eval_T017_f1': 0.5015065282892534, 'eval_T017_number': 1241, 'eval_T020_precision': 0.0, 'eval_T020_recall': 0.0, 'eval_T020_f1': 0.0, 'eval_T020_number': 2, 'eval_T023_precision': 0.4, 'eval_T023_recall': 0.2, 'eval_T023_f1': 0.26666666666666666, 'eval_T023_number': 10, 'eval_T024_precision': 0.0, 'eval_T024_recall': 0.0, 'eval_T024_f1': 0.0, 'eval_T024_number': 1, 'eval_T025_precision': 0.0, 'eval_T025_recall': 0.0, 'eval_T025_f1': 0.0, 'eval_T025_number': 8, 'eval_T028_precision': 0.0, 'eval_T028_recall': 0.0, 'eval_T028_f1': 0.0, 'eval_T028_number': 17, 'eval_T033_precision': 0.14297297297297298, 'eval_T033_recall': 0.5242814667988107, 'eval_T033_f1': 0.22467615204926739, 'eval_T033_number': 1009, 'eval_T037_precision': 0.16666666666666666, 'eval_T037_recall': 0.5, 'eval_T037_f1': 0.25, 'eval_T037_number': 2, 'eval_T038_precision': 0.4406081723154894, 'eval_T038_recall': 0.5517651725505752, 'eval_T038_f1': 0.489961253962663, 'eval_T038_number': 2521, 'eval_T039_precision': 0.0, 'eval_T039_recall': 0.0, 'eval_T039_f1': 0.0, 'eval_T039_number': 1, 'eval_T044_precision': 0.0, 'eval_T044_recall': 0.0, 'eval_T044_f1': 0.0, 'eval_T044_number': 1, 'eval_T045_precision': 0.0, 'eval_T045_recall': 0.0, 'eval_T045_f1': 0.0, 'eval_T045_number': 3, 'eval_T046_precision': 0.25, 'eval_T046_recall': 0.4, 'eval_T046_f1': 0.3076923076923077, 'eval_T046_number': 5, 'eval_T047_precision': 0.22916666666666666, 'eval_T047_recall': 0.3333333333333333, 'eval_T047_f1': 0.2716049382716049, 'eval_T047_number': 33, 'eval_T048_precision': 0.3, 'eval_T048_recall': 0.5, 'eval_T048_f1': 0.37499999999999994, 'eval_T048_number': 6, 'eval_T058_precision': 0.2410041841004184, 'eval_T058_recall': 0.6037735849056604, 'eval_T058_f1': 0.3444976076555024, 'eval_T058_number': 1431, 'eval_T062_precision': 0.25299506694855534, 'eval_T062_recall': 0.6685288640595903, 'eval_T062_f1': 0.3670756646216769, 'eval_T062_number': 537, 'eval_T074_precision': 0.24269005847953215, 'eval_T074_recall': 0.6859504132231405, 'eval_T074_f1': 0.35853131749460043, 'eval_T074_number': 121, 'eval_T082_precision': 0.22265625, 'eval_T082_recall': 0.6535031847133758, 'eval_T082_f1': 0.33214632567173846, 'eval_T082_number': 785, 'eval_T098_precision': 0.32977461447212336, 'eval_T098_recall': 0.7554347826086957, 'eval_T098_f1': 0.4591246903385632, 'eval_T098_number': 368, 'eval_T103_precision': 0.4790516401429035, 'eval_T103_recall': 0.6882874475034998, 'eval_T103_f1': 0.5649176560704711, 'eval_T103_number': 2143, 'eval_T109_precision': 0.0, 'eval_T109_recall': 0.0, 'eval_T109_f1': 0.0, 'eval_T109_number': 7, 'eval_T114_precision': 0.0, 'eval_T114_recall': 0.0, 'eval_T114_f1': 0.0, 'eval_T114_number': 2, 'eval_T116_precision': 0.1, 'eval_T116_recall': 0.05555555555555555, 'eval_T116_f1': 0.07142857142857142, 'eval_T116_number': 18, 'eval_T121_precision': 0.0, 'eval_T121_recall': 0.0, 'eval_T121_f1': 0.0, 'eval_T121_number': 2, 'eval_T123_precision': 0.0, 'eval_T123_recall': 0.0, 'eval_T123_f1': 0.0, 'eval_T123_number': 1, 'eval_T170_precision': 0.20412595005428882, 'eval_T170_recall': 0.5865834633385335, 'eval_T170_f1': 0.30285944422070077, 'eval_T170_number': 641, 'eval_T184_precision': 0.0, 'eval_T184_recall': 0.0, 'eval_T184_f1': 0.0, 'eval_T184_number': 1, 'eval_T190_precision': 0.0, 'eval_T190_recall': 0.0, 'eval_T190_f1': 0.0, 'eval_T190_number': 1, 'eval_T191_precision': 0.08823529411764706, 'eval_T191_recall': 0.13043478260869565, 'eval_T191_f1': 0.10526315789473685, 'eval_T191_number': 23, 'eval_T196_precision': 0.0, 'eval_T196_recall': 0.0, 'eval_T196_f1': 0.0, 'eval_T196_number': 0, 'eval_T204_precision': 0.4817961165048544, 'eval_T204_recall': 0.806910569105691, 'eval_T204_f1': 0.6033434650455928, 'eval_T204_number': 492, 'eval_overall_precision': 0.3062165571844956, 'eval_overall_recall': 0.6154047910473859, 'eval_overall_f1': 0.4089469862018882, 'eval_overall_accuracy': 0.7176111844702487, 'eval_runtime': 3.3063, 'eval_samples_per_second': 849.583, 'eval_steps_per_second': 106.463, 'epoch': 2.0}
{'loss': 0.8899, 'grad_norm': 7.33220100402832, 'learning_rate': 3.9303571428571426e-05, 'epoch': 2.14}
{'loss': 0.6812, 'grad_norm': 22.61836814880371, 'learning_rate': 3.7517857142857146e-05, 'epoch': 2.5}
{'loss': 0.6939, 'grad_norm': 9.930246353149414, 'learning_rate': 3.573571428571429e-05, 'epoch': 2.86}
Computing metrics... # DEBUG
{'eval_loss': 1.2067620754241943, 'eval_T005_precision': 0.4, 'eval_T005_recall': 0.5, 'eval_T005_f1': 0.4444444444444445, 'eval_T005_number': 4, 'eval_T007_precision': 0.0, 'eval_T007_recall': 0.0, 'eval_T007_f1': 0.0, 'eval_T007_number': 1, 'eval_T017_precision': 0.38603988603988604, 'eval_T017_recall': 0.6551168412570507, 'eval_T017_f1': 0.4858081864356139, 'eval_T017_number': 1241, 'eval_T020_precision': 0.0, 'eval_T020_recall': 0.0, 'eval_T020_f1': 0.0, 'eval_T020_number': 2, 'eval_T023_precision': 0.3125, 'eval_T023_recall': 0.5, 'eval_T023_f1': 0.38461538461538464, 'eval_T023_number': 10, 'eval_T024_precision': 0.0, 'eval_T024_recall': 0.0, 'eval_T024_f1': 0.0, 'eval_T024_number': 1, 'eval_T025_precision': 0.0, 'eval_T025_recall': 0.0, 'eval_T025_f1': 0.0, 'eval_T025_number': 8, 'eval_T028_precision': 0.3888888888888889, 'eval_T028_recall': 0.4117647058823529, 'eval_T028_f1': 0.39999999999999997, 'eval_T028_number': 17, 'eval_T033_precision': 0.12622285850632306, 'eval_T033_recall': 0.5242814667988107, 'eval_T033_f1': 0.20346153846153844, 'eval_T033_number': 1009, 'eval_T037_precision': 0.0625, 'eval_T037_recall': 0.5, 'eval_T037_f1': 0.1111111111111111, 'eval_T037_number': 2, 'eval_T038_precision': 0.40972411909314393, 'eval_T038_recall': 0.5950019833399445, 'eval_T038_f1': 0.48527984471044966, 'eval_T038_number': 2521, 'eval_T039_precision': 0.0, 'eval_T039_recall': 0.0, 'eval_T039_f1': 0.0, 'eval_T039_number': 1, 'eval_T044_precision': 0.0, 'eval_T044_recall': 0.0, 'eval_T044_f1': 0.0, 'eval_T044_number': 1, 'eval_T045_precision': 0.4, 'eval_T045_recall': 0.6666666666666666, 'eval_T045_f1': 0.5, 'eval_T045_number': 3, 'eval_T046_precision': 0.07142857142857142, 'eval_T046_recall': 0.4, 'eval_T046_f1': 0.12121212121212122, 'eval_T046_number': 5, 'eval_T047_precision': 0.0990990990990991, 'eval_T047_recall': 0.6666666666666666, 'eval_T047_f1': 0.17254901960784313, 'eval_T047_number': 33, 'eval_T048_precision': 0.21428571428571427, 'eval_T048_recall': 0.5, 'eval_T048_f1': 0.3, 'eval_T048_number': 6, 'eval_T058_precision': 0.25390625, 'eval_T058_recall': 0.5450733752620545, 'eval_T058_f1': 0.34643570952698205, 'eval_T058_number': 1431, 'eval_T062_precision': 0.27347242921013415, 'eval_T062_recall': 0.6834264432029795, 'eval_T062_f1': 0.39063331559340075, 'eval_T062_number': 537, 'eval_T074_precision': 0.268370607028754, 'eval_T074_recall': 0.6942148760330579, 'eval_T074_f1': 0.3870967741935483, 'eval_T074_number': 121, 'eval_T082_precision': 0.27586206896551724, 'eval_T082_recall': 0.6318471337579618, 'eval_T082_f1': 0.38404955478126207, 'eval_T082_number': 785, 'eval_T098_precision': 0.34610917537746805, 'eval_T098_recall': 0.8097826086956522, 'eval_T098_f1': 0.48494711147274205, 'eval_T098_number': 368, 'eval_T103_precision': 0.5268522148177185, 'eval_T103_recall': 0.6271581894540365, 'eval_T103_f1': 0.5726459309757137, 'eval_T103_number': 2143, 'eval_T109_precision': 0.2727272727272727, 'eval_T109_recall': 0.42857142857142855, 'eval_T109_f1': 0.33333333333333326, 'eval_T109_number': 7, 'eval_T114_precision': 0.0, 'eval_T114_recall': 0.0, 'eval_T114_f1': 0.0, 'eval_T114_number': 2, 'eval_T116_precision': 0.075, 'eval_T116_recall': 0.16666666666666666, 'eval_T116_f1': 0.10344827586206896, 'eval_T116_number': 18, 'eval_T121_precision': 0.0, 'eval_T121_recall': 0.0, 'eval_T121_f1': 0.0, 'eval_T121_number': 2, 'eval_T123_precision': 0.0, 'eval_T123_recall': 0.0, 'eval_T123_f1': 0.0, 'eval_T123_number': 1, 'eval_T170_precision': 0.19139886578449905, 'eval_T170_recall': 0.6318252730109204, 'eval_T170_f1': 0.29379760609357997, 'eval_T170_number': 641, 'eval_T184_precision': 0.0, 'eval_T184_recall': 0.0, 'eval_T184_f1': 0.0, 'eval_T184_number': 1, 'eval_T190_precision': 0.0, 'eval_T190_recall': 0.0, 'eval_T190_f1': 0.0, 'eval_T190_number': 1, 'eval_T191_precision': 0.11538461538461539, 'eval_T191_recall': 0.2608695652173913, 'eval_T191_f1': 0.16, 'eval_T191_number': 23, 'eval_T196_precision': 0.0, 'eval_T196_recall': 0.0, 'eval_T196_f1': 0.0, 'eval_T196_number': 0, 'eval_T204_precision': 0.5925373134328358, 'eval_T204_recall': 0.806910569105691, 'eval_T204_f1': 0.6833046471600688, 'eval_T204_number': 492, 'eval_overall_precision': 0.3056864864864865, 'eval_overall_recall': 0.6180276272075538, 'eval_overall_f1': 0.40905014032346726, 'eval_overall_accuracy': 0.7074558597312787, 'eval_runtime': 3.3093, 'eval_samples_per_second': 848.81, 'eval_steps_per_second': 106.366, 'epoch': 3.0}
{'loss': 0.5141, 'grad_norm': 7.341595649719238, 'learning_rate': 3.3950000000000005e-05, 'epoch': 3.21}
{'loss': 0.4542, 'grad_norm': 6.602424144744873, 'learning_rate': 3.216428571428571e-05, 'epoch': 3.57}
{'loss': 0.475, 'grad_norm': 3.618408203125, 'learning_rate': 3.037857142857143e-05, 'epoch': 3.93}
Computing metrics... # DEBUG
{'eval_loss': 1.201970100402832, 'eval_T005_precision': 0.2857142857142857, 'eval_T005_recall': 0.5, 'eval_T005_f1': 0.36363636363636365, 'eval_T005_number': 4, 'eval_T007_precision': 0.0, 'eval_T007_recall': 0.0, 'eval_T007_f1': 0.0, 'eval_T007_number': 1, 'eval_T017_precision': 0.5133653187114462, 'eval_T017_recall': 0.6035455278001611, 'eval_T017_f1': 0.5548148148148149, 'eval_T017_number': 1241, 'eval_T020_precision': 0.0, 'eval_T020_recall': 0.0, 'eval_T020_f1': 0.0, 'eval_T020_number': 2, 'eval_T023_precision': 0.17857142857142858, 'eval_T023_recall': 0.5, 'eval_T023_f1': 0.2631578947368421, 'eval_T023_number': 10, 'eval_T024_precision': 0.0, 'eval_T024_recall': 0.0, 'eval_T024_f1': 0.0, 'eval_T024_number': 1, 'eval_T025_precision': 0.09523809523809523, 'eval_T025_recall': 0.25, 'eval_T025_f1': 0.13793103448275862, 'eval_T025_number': 8, 'eval_T028_precision': 0.22727272727272727, 'eval_T028_recall': 0.5882352941176471, 'eval_T028_f1': 0.32786885245901637, 'eval_T028_number': 17, 'eval_T033_precision': 0.1383129123468426, 'eval_T033_recall': 0.5817641228939544, 'eval_T033_f1': 0.22349133828288595, 'eval_T033_number': 1009, 'eval_T037_precision': 0.1, 'eval_T037_recall': 0.5, 'eval_T037_f1': 0.16666666666666669, 'eval_T037_number': 2, 'eval_T038_precision': 0.4347942995428879, 'eval_T038_recall': 0.6414121380404602, 'eval_T038_f1': 0.5182692307692308, 'eval_T038_number': 2521, 'eval_T039_precision': 0.0, 'eval_T039_recall': 0.0, 'eval_T039_f1': 0.0, 'eval_T039_number': 1, 'eval_T044_precision': 0.0, 'eval_T044_recall': 0.0, 'eval_T044_f1': 0.0, 'eval_T044_number': 1, 'eval_T045_precision': 0.0, 'eval_T045_recall': 0.0, 'eval_T045_f1': 0.0, 'eval_T045_number': 3, 'eval_T046_precision': 0.2727272727272727, 'eval_T046_recall': 0.6, 'eval_T046_f1': 0.37499999999999994, 'eval_T046_number': 5, 'eval_T047_precision': 0.13076923076923078, 'eval_T047_recall': 0.5151515151515151, 'eval_T047_f1': 0.20858895705521474, 'eval_T047_number': 33, 'eval_T048_precision': 0.13636363636363635, 'eval_T048_recall': 0.5, 'eval_T048_f1': 0.21428571428571427, 'eval_T048_number': 6, 'eval_T058_precision': 0.31294293174188736, 'eval_T058_recall': 0.5863032844164919, 'eval_T058_f1': 0.4080739299610895, 'eval_T058_number': 1431, 'eval_T062_precision': 0.36135265700483093, 'eval_T062_recall': 0.6964618249534451, 'eval_T062_f1': 0.4758269720101782, 'eval_T062_number': 537, 'eval_T074_precision': 0.33840304182509506, 'eval_T074_recall': 0.7355371900826446, 'eval_T074_f1': 0.46354166666666674, 'eval_T074_number': 121, 'eval_T082_precision': 0.34714003944773175, 'eval_T082_recall': 0.6726114649681528, 'eval_T082_f1': 0.4579358196010408, 'eval_T082_number': 785, 'eval_T098_precision': 0.45788667687595713, 'eval_T098_recall': 0.8125, 'eval_T098_f1': 0.5857002938295789, 'eval_T098_number': 368, 'eval_T103_precision': 0.5387881126978, 'eval_T103_recall': 0.65142323845077, 'eval_T103_f1': 0.5897760878749472, 'eval_T103_number': 2143, 'eval_T109_precision': 0.25, 'eval_T109_recall': 0.5714285714285714, 'eval_T109_f1': 0.34782608695652173, 'eval_T109_number': 7, 'eval_T114_precision': 0.25, 'eval_T114_recall': 0.5, 'eval_T114_f1': 0.3333333333333333, 'eval_T114_number': 2, 'eval_T116_precision': 0.07352941176470588, 'eval_T116_recall': 0.2777777777777778, 'eval_T116_f1': 0.11627906976744186, 'eval_T116_number': 18, 'eval_T121_precision': 0.0, 'eval_T121_recall': 0.0, 'eval_T121_f1': 0.0, 'eval_T121_number': 2, 'eval_T123_precision': 0.0, 'eval_T123_recall': 0.0, 'eval_T123_f1': 0.0, 'eval_T123_number': 1, 'eval_T167_precision': 0.0, 'eval_T167_recall': 0.0, 'eval_T167_f1': 0.0, 'eval_T167_number': 0, 'eval_T170_precision': 0.22915484968803176, 'eval_T170_recall': 0.6302652106084243, 'eval_T170_f1': 0.3361064891846922, 'eval_T170_number': 641, 'eval_T184_precision': 0.0, 'eval_T184_recall': 0.0, 'eval_T184_f1': 0.0, 'eval_T184_number': 1, 'eval_T190_precision': 0.0, 'eval_T190_recall': 0.0, 'eval_T190_f1': 0.0, 'eval_T190_number': 1, 'eval_T191_precision': 0.20454545454545456, 'eval_T191_recall': 0.391304347826087, 'eval_T191_f1': 0.2686567164179105, 'eval_T191_number': 23, 'eval_T196_precision': 0.0, 'eval_T196_recall': 0.0, 'eval_T196_f1': 0.0, 'eval_T196_number': 0, 'eval_T204_precision': 0.5354330708661418, 'eval_T204_recall': 0.8292682926829268, 'eval_T204_f1': 0.6507177033492824, 'eval_T204_number': 492, 'eval_overall_precision': 0.34833696579171797, 'eval_overall_recall': 0.6427697149851372, 'eval_overall_f1': 0.45181907571288105, 'eval_overall_accuracy': 0.7398957241454417, 'eval_runtime': 3.3398, 'eval_samples_per_second': 841.072, 'eval_steps_per_second': 105.396, 'epoch': 4.0}
{'loss': 0.3638, 'grad_norm': 3.0682268142700195, 'learning_rate': 2.8592857142857142e-05, 'epoch': 4.29}
{'loss': 0.3208, 'grad_norm': 5.0850372314453125, 'learning_rate': 2.680714285714286e-05, 'epoch': 4.64}
{'loss': 0.3209, 'grad_norm': 17.06329345703125, 'learning_rate': 2.5021428571428573e-05, 'epoch': 5.0}
Computing metrics... # DEBUG
{'eval_loss': 1.3866674900054932, 'eval_T005_precision': 0.4, 'eval_T005_recall': 0.5, 'eval_T005_f1': 0.4444444444444445, 'eval_T005_number': 4, 'eval_T007_precision': 0.0, 'eval_T007_recall': 0.0, 'eval_T007_f1': 0.0, 'eval_T007_number': 1, 'eval_T017_precision': 0.5080282594733462, 'eval_T017_recall': 0.637389202256245, 'eval_T017_f1': 0.5654038598999285, 'eval_T017_number': 1241, 'eval_T020_precision': 0.5, 'eval_T020_recall': 0.5, 'eval_T020_f1': 0.5, 'eval_T020_number': 2, 'eval_T023_precision': 0.15625, 'eval_T023_recall': 0.5, 'eval_T023_f1': 0.23809523809523808, 'eval_T023_number': 10, 'eval_T024_precision': 0.0, 'eval_T024_recall': 0.0, 'eval_T024_f1': 0.0, 'eval_T024_number': 1, 'eval_T025_precision': 0.1, 'eval_T025_recall': 0.125, 'eval_T025_f1': 0.11111111111111112, 'eval_T025_number': 8, 'eval_T028_precision': 0.5, 'eval_T028_recall': 0.29411764705882354, 'eval_T028_f1': 0.37037037037037035, 'eval_T028_number': 17, 'eval_T033_precision': 0.17457142857142857, 'eval_T033_recall': 0.6055500495540139, 'eval_T033_f1': 0.2710135284985584, 'eval_T033_number': 1009, 'eval_T037_precision': 0.07142857142857142, 'eval_T037_recall': 0.5, 'eval_T037_f1': 0.125, 'eval_T037_number': 2, 'eval_T038_precision': 0.40113552209331027, 'eval_T038_recall': 0.6445854819516065, 'eval_T038_f1': 0.49452221545952524, 'eval_T038_number': 2521, 'eval_T039_precision': 0.0, 'eval_T039_recall': 0.0, 'eval_T039_f1': 0.0, 'eval_T039_number': 1, 'eval_T044_precision': 0.0, 'eval_T044_recall': 0.0, 'eval_T044_f1': 0.0, 'eval_T044_number': 1, 'eval_T045_precision': 0.0, 'eval_T045_recall': 0.0, 'eval_T045_f1': 0.0, 'eval_T045_number': 3, 'eval_T046_precision': 0.11764705882352941, 'eval_T046_recall': 0.4, 'eval_T046_f1': 0.1818181818181818, 'eval_T046_number': 5, 'eval_T047_precision': 0.16666666666666666, 'eval_T047_recall': 0.36363636363636365, 'eval_T047_f1': 0.2285714285714286, 'eval_T047_number': 33, 'eval_T048_precision': 0.23076923076923078, 'eval_T048_recall': 0.5, 'eval_T048_f1': 0.3157894736842105, 'eval_T048_number': 6, 'eval_T058_precision': 0.3386709367493995, 'eval_T058_recall': 0.5911949685534591, 'eval_T058_f1': 0.4306439297531178, 'eval_T058_number': 1431, 'eval_T062_precision': 0.3475783475783476, 'eval_T062_recall': 0.6815642458100558, 'eval_T062_f1': 0.46037735849056605, 'eval_T062_number': 537, 'eval_T070_precision': 0.0, 'eval_T070_recall': 0.0, 'eval_T070_f1': 0.0, 'eval_T070_number': 0, 'eval_T074_precision': 0.42788461538461536, 'eval_T074_recall': 0.7355371900826446, 'eval_T074_f1': 0.541033434650456, 'eval_T074_number': 121, 'eval_T082_precision': 0.37760229720028715, 'eval_T082_recall': 0.6700636942675159, 'eval_T082_f1': 0.48301193755739213, 'eval_T082_number': 785, 'eval_T098_precision': 0.43243243243243246, 'eval_T098_recall': 0.782608695652174, 'eval_T098_f1': 0.5570599613152806, 'eval_T098_number': 368, 'eval_T103_precision': 0.47896331201615616, 'eval_T103_recall': 0.6640223985067663, 'eval_T103_f1': 0.556511536957372, 'eval_T103_number': 2143, 'eval_T109_precision': 0.42857142857142855, 'eval_T109_recall': 0.42857142857142855, 'eval_T109_f1': 0.42857142857142855, 'eval_T109_number': 7, 'eval_T114_precision': 0.0, 'eval_T114_recall': 0.0, 'eval_T114_f1': 0.0, 'eval_T114_number': 2, 'eval_T116_precision': 0.2777777777777778, 'eval_T116_recall': 0.2777777777777778, 'eval_T116_f1': 0.2777777777777778, 'eval_T116_number': 18, 'eval_T121_precision': 0.0, 'eval_T121_recall': 0.0, 'eval_T121_f1': 0.0, 'eval_T121_number': 2, 'eval_T123_precision': 0.0, 'eval_T123_recall': 0.0, 'eval_T123_f1': 0.0, 'eval_T123_number': 1, 'eval_T170_precision': 0.2707652060170046, 'eval_T170_recall': 0.6458658346333853, 'eval_T170_f1': 0.38156682027649774, 'eval_T170_number': 641, 'eval_T184_precision': 0.0, 'eval_T184_recall': 0.0, 'eval_T184_f1': 0.0, 'eval_T184_number': 1, 'eval_T190_precision': 0.0, 'eval_T190_recall': 0.0, 'eval_T190_f1': 0.0, 'eval_T190_number': 1, 'eval_T191_precision': 0.1951219512195122, 'eval_T191_recall': 0.34782608695652173, 'eval_T191_f1': 0.25000000000000006, 'eval_T191_number': 23, 'eval_T196_precision': 0.0, 'eval_T196_recall': 0.0, 'eval_T196_f1': 0.0, 'eval_T196_number': 0, 'eval_T204_precision': 0.5843971631205673, 'eval_T204_recall': 0.8373983739837398, 'eval_T204_f1': 0.6883876357560568, 'eval_T204_number': 492, 'eval_overall_precision': 0.36496099690918904, 'eval_overall_recall': 0.650375939849624, 'eval_overall_f1': 0.46755287388831274, 'eval_overall_accuracy': 0.7575790577056589, 'eval_runtime': 3.3028, 'eval_samples_per_second': 850.496, 'eval_steps_per_second': 106.577, 'epoch': 5.0}
{'loss': 0.2191, 'grad_norm': 5.623861789703369, 'learning_rate': 2.3235714285714286e-05, 'epoch': 5.36}
{'loss': 0.222, 'grad_norm': 3.368832588195801, 'learning_rate': 2.145e-05, 'epoch': 5.71}
Computing metrics... # DEBUG
{'eval_loss': 1.5975408554077148, 'eval_T005_precision': 0.5, 'eval_T005_recall': 0.5, 'eval_T005_f1': 0.5, 'eval_T005_number': 4, 'eval_T007_precision': 1.0, 'eval_T007_recall': 1.0, 'eval_T007_f1': 1.0, 'eval_T007_number': 1, 'eval_T017_precision': 0.5686944634313056, 'eval_T017_recall': 0.6704270749395649, 'eval_T017_f1': 0.6153846153846154, 'eval_T017_number': 1241, 'eval_T020_precision': 0.5, 'eval_T020_recall': 0.5, 'eval_T020_f1': 0.5, 'eval_T020_number': 2, 'eval_T023_precision': 0.3125, 'eval_T023_recall': 0.5, 'eval_T023_f1': 0.38461538461538464, 'eval_T023_number': 10, 'eval_T024_precision': 0.0, 'eval_T024_recall': 0.0, 'eval_T024_f1': 0.0, 'eval_T024_number': 1, 'eval_T025_precision': 0.0, 'eval_T025_recall': 0.0, 'eval_T025_f1': 0.0, 'eval_T025_number': 8, 'eval_T028_precision': 0.5, 'eval_T028_recall': 0.17647058823529413, 'eval_T028_f1': 0.2608695652173913, 'eval_T028_number': 17, 'eval_T033_precision': 0.2271530650620534, 'eval_T033_recall': 0.5986124876114965, 'eval_T033_f1': 0.32933478735005456, 'eval_T033_number': 1009, 'eval_T037_precision': 0.1111111111111111, 'eval_T037_recall': 0.5, 'eval_T037_f1': 0.1818181818181818, 'eval_T037_number': 2, 'eval_T038_precision': 0.4002277904328018, 'eval_T038_recall': 0.6969456564855216, 'eval_T038_f1': 0.5084647663145709, 'eval_T038_number': 2521, 'eval_T039_precision': 0.0, 'eval_T039_recall': 0.0, 'eval_T039_f1': 0.0, 'eval_T039_number': 1, 'eval_T044_precision': 0.0, 'eval_T044_recall': 0.0, 'eval_T044_f1': 0.0, 'eval_T044_number': 1, 'eval_T045_precision': 0.0, 'eval_T045_recall': 0.0, 'eval_T045_f1': 0.0, 'eval_T045_number': 3, 'eval_T046_precision': 0.16666666666666666, 'eval_T046_recall': 0.4, 'eval_T046_f1': 0.23529411764705882, 'eval_T046_number': 5, 'eval_T047_precision': 0.20512820512820512, 'eval_T047_recall': 0.24242424242424243, 'eval_T047_f1': 0.2222222222222222, 'eval_T047_number': 33, 'eval_T048_precision': 0.2727272727272727, 'eval_T048_recall': 0.5, 'eval_T048_f1': 0.3529411764705882, 'eval_T048_number': 6, 'eval_T058_precision': 0.32891436761017556, 'eval_T058_recall': 0.6415094339622641, 'eval_T058_f1': 0.4348649928943628, 'eval_T058_number': 1431, 'eval_T062_precision': 0.3724340175953079, 'eval_T062_recall': 0.7094972067039106, 'eval_T062_f1': 0.4884615384615385, 'eval_T062_number': 537, 'eval_T074_precision': 0.44, 'eval_T074_recall': 0.8181818181818182, 'eval_T074_f1': 0.5722543352601156, 'eval_T074_number': 121, 'eval_T082_precision': 0.4187116564417178, 'eval_T082_recall': 0.6955414012738853, 'eval_T082_f1': 0.5227381522259454, 'eval_T082_number': 785, 'eval_T098_precision': 0.4840255591054313, 'eval_T098_recall': 0.8233695652173914, 'eval_T098_f1': 0.6096579476861167, 'eval_T098_number': 368, 'eval_T103_precision': 0.5667740780522735, 'eval_T103_recall': 0.7386840877274848, 'eval_T103_f1': 0.6414100486223663, 'eval_T103_number': 2143, 'eval_T109_precision': 0.42857142857142855, 'eval_T109_recall': 0.42857142857142855, 'eval_T109_f1': 0.42857142857142855, 'eval_T109_number': 7, 'eval_T114_precision': 0.0, 'eval_T114_recall': 0.0, 'eval_T114_f1': 0.0, 'eval_T114_number': 2, 'eval_T116_precision': 0.2, 'eval_T116_recall': 0.1111111111111111, 'eval_T116_f1': 0.14285714285714285, 'eval_T116_number': 18, 'eval_T121_precision': 0.0, 'eval_T121_recall': 0.0, 'eval_T121_f1': 0.0, 'eval_T121_number': 2, 'eval_T123_precision': 0.0, 'eval_T123_recall': 0.0, 'eval_T123_f1': 0.0, 'eval_T123_number': 1, 'eval_T170_precision': 0.30708661417322836, 'eval_T170_recall': 0.6692667706708268, 'eval_T170_f1': 0.42100098135426894, 'eval_T170_number': 641, 'eval_T184_precision': 0.0, 'eval_T184_recall': 0.0, 'eval_T184_f1': 0.0, 'eval_T184_number': 1, 'eval_T190_precision': 0.0, 'eval_T190_recall': 0.0, 'eval_T190_f1': 0.0, 'eval_T190_number': 1, 'eval_T191_precision': 0.1111111111111111, 'eval_T191_recall': 0.13043478260869565, 'eval_T191_f1': 0.12, 'eval_T191_number': 23, 'eval_T204_precision': 0.5784313725490197, 'eval_T204_recall': 0.8394308943089431, 'eval_T204_f1': 0.6849087893864014, 'eval_T204_number': 492, 'eval_overall_precision': 0.4042063248388087, 'eval_overall_recall': 0.6905927609721979, 'eval_overall_f1': 0.5099418979987088, 'eval_overall_accuracy': 0.7805170231013219, 'eval_runtime': 3.3019, 'eval_samples_per_second': 850.715, 'eval_steps_per_second': 106.604, 'epoch': 6.0}
{'loss': 0.214, 'grad_norm': 2.884516954421997, 'learning_rate': 1.9664285714285716e-05, 'epoch': 6.07}
{'loss': 0.1533, 'grad_norm': 4.9399285316467285, 'learning_rate': 1.788214285714286e-05, 'epoch': 6.43}
{'loss': 0.1833, 'grad_norm': 3.834090232849121, 'learning_rate': 1.6096428571428573e-05, 'epoch': 6.79}
Computing metrics... # DEBUG
{'eval_loss': 1.6418362855911255, 'eval_T005_precision': 0.5, 'eval_T005_recall': 0.5, 'eval_T005_f1': 0.5, 'eval_T005_number': 4, 'eval_T007_precision': 0.3333333333333333, 'eval_T007_recall': 1.0, 'eval_T007_f1': 0.5, 'eval_T007_number': 1, 'eval_T017_precision': 0.5619047619047619, 'eval_T017_recall': 0.6655922643029815, 'eval_T017_f1': 0.6093692364441166, 'eval_T017_number': 1241, 'eval_T020_precision': 0.5, 'eval_T020_recall': 0.5, 'eval_T020_f1': 0.5, 'eval_T020_number': 2, 'eval_T023_precision': 0.21428571428571427, 'eval_T023_recall': 0.3, 'eval_T023_f1': 0.25, 'eval_T023_number': 10, 'eval_T024_precision': 0.0, 'eval_T024_recall': 0.0, 'eval_T024_f1': 0.0, 'eval_T024_number': 1, 'eval_T025_precision': 0.0, 'eval_T025_recall': 0.0, 'eval_T025_f1': 0.0, 'eval_T025_number': 8, 'eval_T028_precision': 0.5454545454545454, 'eval_T028_recall': 0.35294117647058826, 'eval_T028_f1': 0.42857142857142855, 'eval_T028_number': 17, 'eval_T033_precision': 0.2171628721541156, 'eval_T033_recall': 0.6144697720515362, 'eval_T033_f1': 0.32091097308488614, 'eval_T033_number': 1009, 'eval_T037_precision': 0.14285714285714285, 'eval_T037_recall': 0.5, 'eval_T037_f1': 0.22222222222222224, 'eval_T037_number': 2, 'eval_T038_precision': 0.4629966242534407, 'eval_T038_recall': 0.7072590241967474, 'eval_T038_f1': 0.5596359070935343, 'eval_T038_number': 2521, 'eval_T039_precision': 0.0, 'eval_T039_recall': 0.0, 'eval_T039_f1': 0.0, 'eval_T039_number': 1, 'eval_T044_precision': 0.0, 'eval_T044_recall': 0.0, 'eval_T044_f1': 0.0, 'eval_T044_number': 1, 'eval_T045_precision': 0.0, 'eval_T045_recall': 0.0, 'eval_T045_f1': 0.0, 'eval_T045_number': 3, 'eval_T046_precision': 0.25, 'eval_T046_recall': 0.4, 'eval_T046_f1': 0.3076923076923077, 'eval_T046_number': 5, 'eval_T047_precision': 0.225, 'eval_T047_recall': 0.2727272727272727, 'eval_T047_f1': 0.24657534246575344, 'eval_T047_number': 33, 'eval_T048_precision': 0.2727272727272727, 'eval_T048_recall': 0.5, 'eval_T048_f1': 0.3529411764705882, 'eval_T048_number': 6, 'eval_T058_precision': 0.348342939481268, 'eval_T058_recall': 0.6757512229210343, 'eval_T058_f1': 0.45971000713097215, 'eval_T058_number': 1431, 'eval_T062_precision': 0.44154370034052215, 'eval_T062_recall': 0.7243947858472998, 'eval_T062_f1': 0.5486600846262342, 'eval_T062_number': 537, 'eval_T074_precision': 0.43243243243243246, 'eval_T074_recall': 0.7933884297520661, 'eval_T074_f1': 0.5597667638483965, 'eval_T074_number': 121, 'eval_T082_precision': 0.40811808118081183, 'eval_T082_recall': 0.7044585987261146, 'eval_T082_f1': 0.516822429906542, 'eval_T082_number': 785, 'eval_T098_precision': 0.5255102040816326, 'eval_T098_recall': 0.8396739130434783, 'eval_T098_f1': 0.6464435146443515, 'eval_T098_number': 368, 'eval_T103_precision': 0.5759142962689324, 'eval_T103_recall': 0.727484834344377, 'eval_T103_f1': 0.6428865979381444, 'eval_T103_number': 2143, 'eval_T109_precision': 0.42857142857142855, 'eval_T109_recall': 0.42857142857142855, 'eval_T109_f1': 0.42857142857142855, 'eval_T109_number': 7, 'eval_T114_precision': 0.0, 'eval_T114_recall': 0.0, 'eval_T114_f1': 0.0, 'eval_T114_number': 2, 'eval_T116_precision': 0.15384615384615385, 'eval_T116_recall': 0.2222222222222222, 'eval_T116_f1': 0.18181818181818185, 'eval_T116_number': 18, 'eval_T121_precision': 0.0, 'eval_T121_recall': 0.0, 'eval_T121_f1': 0.0, 'eval_T121_number': 2, 'eval_T123_precision': 0.0, 'eval_T123_recall': 0.0, 'eval_T123_f1': 0.0, 'eval_T123_number': 1, 'eval_T170_precision': 0.3737991266375546, 'eval_T170_recall': 0.6677067082683308, 'eval_T170_f1': 0.4792833146696529, 'eval_T170_number': 641, 'eval_T184_precision': 0.0, 'eval_T184_recall': 0.0, 'eval_T184_f1': 0.0, 'eval_T184_number': 1, 'eval_T190_precision': 0.0, 'eval_T190_recall': 0.0, 'eval_T190_f1': 0.0, 'eval_T190_number': 1, 'eval_T191_precision': 0.12, 'eval_T191_recall': 0.13043478260869565, 'eval_T191_f1': 0.12499999999999997, 'eval_T191_number': 23, 'eval_T196_precision': 0.0, 'eval_T196_recall': 0.0, 'eval_T196_f1': 0.0, 'eval_T196_number': 0, 'eval_T204_precision': 0.6629570747217806, 'eval_T204_recall': 0.8475609756097561, 'eval_T204_f1': 0.743978590544157, 'eval_T204_number': 492, 'eval_overall_precision': 0.4281042247480163, 'eval_overall_recall': 0.6981115579646792, 'eval_overall_f1': 0.5307411100033234, 'eval_overall_accuracy': 0.7996977906042827, 'eval_runtime': 3.4088, 'eval_samples_per_second': 824.041, 'eval_steps_per_second': 103.262, 'epoch': 7.0}
{'loss': 0.1427, 'grad_norm': 3.531263589859009, 'learning_rate': 1.4310714285714286e-05, 'epoch': 7.14}
{'loss': 0.1208, 'grad_norm': 5.30956506729126, 'learning_rate': 1.2525000000000001e-05, 'epoch': 7.5}
{'loss': 0.1202, 'grad_norm': 11.690611839294434, 'learning_rate': 1.0739285714285715e-05, 'epoch': 7.86}
Computing metrics... # DEBUG
{'eval_loss': 1.782183051109314, 'eval_T005_precision': 0.42857142857142855, 'eval_T005_recall': 0.75, 'eval_T005_f1': 0.5454545454545454, 'eval_T005_number': 4, 'eval_T007_precision': 0.3333333333333333, 'eval_T007_recall': 1.0, 'eval_T007_f1': 0.5, 'eval_T007_number': 1, 'eval_T017_precision': 0.5332534451767525, 'eval_T017_recall': 0.717163577759871, 'eval_T017_f1': 0.6116838487972508, 'eval_T017_number': 1241, 'eval_T020_precision': 1.0, 'eval_T020_recall': 1.0, 'eval_T020_f1': 1.0, 'eval_T020_number': 2, 'eval_T023_precision': 0.0, 'eval_T023_recall': 0.0, 'eval_T023_f1': 0.0, 'eval_T023_number': 10, 'eval_T024_precision': 0.0, 'eval_T024_recall': 0.0, 'eval_T024_f1': 0.0, 'eval_T024_number': 1, 'eval_T025_precision': 0.0, 'eval_T025_recall': 0.0, 'eval_T025_f1': 0.0, 'eval_T025_number': 8, 'eval_T028_precision': 0.625, 'eval_T028_recall': 0.29411764705882354, 'eval_T028_f1': 0.4, 'eval_T028_number': 17, 'eval_T033_precision': 0.26313504125054277, 'eval_T033_recall': 0.6005946481665014, 'eval_T033_f1': 0.3659420289855072, 'eval_T033_number': 1009, 'eval_T037_precision': 0.16666666666666666, 'eval_T037_recall': 0.5, 'eval_T037_f1': 0.25, 'eval_T037_number': 2, 'eval_T038_precision': 0.46855509355509356, 'eval_T038_recall': 0.7151923839746133, 'eval_T038_f1': 0.5661799340555818, 'eval_T038_number': 2521, 'eval_T039_precision': 0.0, 'eval_T039_recall': 0.0, 'eval_T039_f1': 0.0, 'eval_T039_number': 1, 'eval_T044_precision': 0.0, 'eval_T044_recall': 0.0, 'eval_T044_f1': 0.0, 'eval_T044_number': 1, 'eval_T045_precision': 0.0, 'eval_T045_recall': 0.0, 'eval_T045_f1': 0.0, 'eval_T045_number': 3, 'eval_T046_precision': 0.16666666666666666, 'eval_T046_recall': 0.2, 'eval_T046_f1': 0.1818181818181818, 'eval_T046_number': 5, 'eval_T047_precision': 0.24390243902439024, 'eval_T047_recall': 0.30303030303030304, 'eval_T047_f1': 0.2702702702702703, 'eval_T047_number': 33, 'eval_T048_precision': 0.18181818181818182, 'eval_T048_recall': 0.3333333333333333, 'eval_T048_f1': 0.23529411764705885, 'eval_T048_number': 6, 'eval_T058_precision': 0.3744038155802862, 'eval_T058_recall': 0.6582809224318659, 'eval_T058_f1': 0.47732455029136056, 'eval_T058_number': 1431, 'eval_T062_precision': 0.4295377677564825, 'eval_T062_recall': 0.7094972067039106, 'eval_T062_f1': 0.5351123595505617, 'eval_T062_number': 537, 'eval_T074_precision': 0.45622119815668205, 'eval_T074_recall': 0.8181818181818182, 'eval_T074_f1': 0.5857988165680473, 'eval_T074_number': 121, 'eval_T082_precision': 0.41142443962400577, 'eval_T082_recall': 0.7248407643312101, 'eval_T082_f1': 0.5249077490774907, 'eval_T082_number': 785, 'eval_T098_precision': 0.5391459074733096, 'eval_T098_recall': 0.8233695652173914, 'eval_T098_f1': 0.6516129032258065, 'eval_T098_number': 368, 'eval_T103_precision': 0.570627409744129, 'eval_T103_recall': 0.7596826878208119, 'eval_T103_f1': 0.6517213771016813, 'eval_T103_number': 2143, 'eval_T109_precision': 0.5, 'eval_T109_recall': 0.42857142857142855, 'eval_T109_f1': 0.4615384615384615, 'eval_T109_number': 7, 'eval_T114_precision': 0.0, 'eval_T114_recall': 0.0, 'eval_T114_f1': 0.0, 'eval_T114_number': 2, 'eval_T116_precision': 0.07142857142857142, 'eval_T116_recall': 0.05555555555555555, 'eval_T116_f1': 0.0625, 'eval_T116_number': 18, 'eval_T121_precision': 0.0, 'eval_T121_recall': 0.0, 'eval_T121_f1': 0.0, 'eval_T121_number': 2, 'eval_T123_precision': 0.0, 'eval_T123_recall': 0.0, 'eval_T123_f1': 0.0, 'eval_T123_number': 1, 'eval_T170_precision': 0.3488562091503268, 'eval_T170_recall': 0.6661466458658346, 'eval_T170_f1': 0.4579088471849866, 'eval_T170_number': 641, 'eval_T184_precision': 0.0, 'eval_T184_recall': 0.0, 'eval_T184_f1': 0.0, 'eval_T184_number': 1, 'eval_T190_precision': 0.0, 'eval_T190_recall': 0.0, 'eval_T190_f1': 0.0, 'eval_T190_number': 1, 'eval_T191_precision': 0.05, 'eval_T191_recall': 0.043478260869565216, 'eval_T191_f1': 0.046511627906976744, 'eval_T191_number': 23, 'eval_T196_precision': 0.0, 'eval_T196_recall': 0.0, 'eval_T196_f1': 0.0, 'eval_T196_number': 0, 'eval_T204_precision': 0.6710097719869706, 'eval_T204_recall': 0.8373983739837398, 'eval_T204_f1': 0.7450271247739603, 'eval_T204_number': 492, 'eval_overall_precision': 0.4439201053555751, 'eval_overall_recall': 0.7072914845252667, 'eval_overall_f1': 0.5454790641224463, 'eval_overall_accuracy': 0.8103159585619188, 'eval_runtime': 3.298, 'eval_samples_per_second': 851.725, 'eval_steps_per_second': 106.731, 'epoch': 8.0}
{'loss': 0.1037, 'grad_norm': 2.456714153289795, 'learning_rate': 8.95357142857143e-06, 'epoch': 8.21}
{'loss': 0.0909, 'grad_norm': 2.6384477615356445, 'learning_rate': 7.1678571428571425e-06, 'epoch': 8.57}
{'loss': 0.0839, 'grad_norm': 7.418469429016113, 'learning_rate': 5.382142857142857e-06, 'epoch': 8.93}
Computing metrics... # DEBUG
{'eval_loss': 1.8583577871322632, 'eval_T005_precision': 0.2857142857142857, 'eval_T005_recall': 0.5, 'eval_T005_f1': 0.36363636363636365, 'eval_T005_number': 4, 'eval_T007_precision': 1.0, 'eval_T007_recall': 1.0, 'eval_T007_f1': 1.0, 'eval_T007_number': 1, 'eval_T017_precision': 0.5837765957446809, 'eval_T017_recall': 0.7074939564867043, 'eval_T017_f1': 0.6397085610200365, 'eval_T017_number': 1241, 'eval_T020_precision': 1.0, 'eval_T020_recall': 1.0, 'eval_T020_f1': 1.0, 'eval_T020_number': 2, 'eval_T023_precision': 0.09090909090909091, 'eval_T023_recall': 0.1, 'eval_T023_f1': 0.09523809523809525, 'eval_T023_number': 10, 'eval_T024_precision': 0.0, 'eval_T024_recall': 0.0, 'eval_T024_f1': 0.0, 'eval_T024_number': 1, 'eval_T025_precision': 0.0, 'eval_T025_recall': 0.0, 'eval_T025_f1': 0.0, 'eval_T025_number': 8, 'eval_T028_precision': 0.5, 'eval_T028_recall': 0.17647058823529413, 'eval_T028_f1': 0.2608695652173913, 'eval_T028_number': 17, 'eval_T033_precision': 0.2688028482421006, 'eval_T033_recall': 0.5986124876114965, 'eval_T033_f1': 0.371007371007371, 'eval_T033_number': 1009, 'eval_T037_precision': 0.125, 'eval_T037_recall': 0.5, 'eval_T037_f1': 0.2, 'eval_T037_number': 2, 'eval_T038_precision': 0.45764792536214094, 'eval_T038_recall': 0.7393891312971044, 'eval_T038_f1': 0.5653624507127692, 'eval_T038_number': 2521, 'eval_T039_precision': 0.0, 'eval_T039_recall': 0.0, 'eval_T039_f1': 0.0, 'eval_T039_number': 1, 'eval_T044_precision': 0.0, 'eval_T044_recall': 0.0, 'eval_T044_f1': 0.0, 'eval_T044_number': 1, 'eval_T045_precision': 0.0, 'eval_T045_recall': 0.0, 'eval_T045_f1': 0.0, 'eval_T045_number': 3, 'eval_T046_precision': 0.125, 'eval_T046_recall': 0.2, 'eval_T046_f1': 0.15384615384615385, 'eval_T046_number': 5, 'eval_T047_precision': 0.2647058823529412, 'eval_T047_recall': 0.2727272727272727, 'eval_T047_f1': 0.26865671641791045, 'eval_T047_number': 33, 'eval_T048_precision': 0.2, 'eval_T048_recall': 0.3333333333333333, 'eval_T048_f1': 0.25, 'eval_T048_number': 6, 'eval_T058_precision': 0.3872271624898949, 'eval_T058_recall': 0.6694619147449337, 'eval_T058_f1': 0.4906530089628681, 'eval_T058_number': 1431, 'eval_T062_precision': 0.44368600682593856, 'eval_T062_recall': 0.7262569832402235, 'eval_T062_f1': 0.5508474576271187, 'eval_T062_number': 537, 'eval_T070_precision': 0.0, 'eval_T070_recall': 0.0, 'eval_T070_f1': 0.0, 'eval_T070_number': 0, 'eval_T074_precision': 0.48130841121495327, 'eval_T074_recall': 0.8512396694214877, 'eval_T074_f1': 0.6149253731343284, 'eval_T074_number': 121, 'eval_T082_precision': 0.40527411519777934, 'eval_T082_recall': 0.7439490445859872, 'eval_T082_f1': 0.5247079964061097, 'eval_T082_number': 785, 'eval_T098_precision': 0.5469314079422383, 'eval_T098_recall': 0.8233695652173914, 'eval_T098_f1': 0.6572668112798264, 'eval_T098_number': 368, 'eval_T103_precision': 0.6076183431952663, 'eval_T103_recall': 0.7666822211852543, 'eval_T103_f1': 0.6779451206932123, 'eval_T103_number': 2143, 'eval_T109_precision': 0.5, 'eval_T109_recall': 0.42857142857142855, 'eval_T109_f1': 0.4615384615384615, 'eval_T109_number': 7, 'eval_T114_precision': 0.0, 'eval_T114_recall': 0.0, 'eval_T114_f1': 0.0, 'eval_T114_number': 2, 'eval_T116_precision': 0.06666666666666667, 'eval_T116_recall': 0.05555555555555555, 'eval_T116_f1': 0.0606060606060606, 'eval_T116_number': 18, 'eval_T121_precision': 0.0, 'eval_T121_recall': 0.0, 'eval_T121_f1': 0.0, 'eval_T121_number': 2, 'eval_T123_precision': 0.0, 'eval_T123_recall': 0.0, 'eval_T123_f1': 0.0, 'eval_T123_number': 1, 'eval_T170_precision': 0.38406445837063563, 'eval_T170_recall': 0.6692667706708268, 'eval_T170_f1': 0.4880546075085324, 'eval_T170_number': 641, 'eval_T184_precision': 0.0, 'eval_T184_recall': 0.0, 'eval_T184_f1': 0.0, 'eval_T184_number': 1, 'eval_T190_precision': 0.0, 'eval_T190_recall': 0.0, 'eval_T190_f1': 0.0, 'eval_T190_number': 1, 'eval_T191_precision': 0.07692307692307693, 'eval_T191_recall': 0.08695652173913043, 'eval_T191_f1': 0.08163265306122448, 'eval_T191_number': 23, 'eval_T196_precision': 0.0, 'eval_T196_recall': 0.0, 'eval_T196_f1': 0.0, 'eval_T196_number': 0, 'eval_T204_precision': 0.6763285024154589, 'eval_T204_recall': 0.8536585365853658, 'eval_T204_f1': 0.7547169811320754, 'eval_T204_number': 492, 'eval_overall_precision': 0.45636090560160203, 'eval_overall_recall': 0.7172582619339045, 'eval_overall_f1': 0.5578106408295087, 'eval_overall_accuracy': 0.8163056943328931, 'eval_runtime': 3.2909, 'eval_samples_per_second': 853.562, 'eval_steps_per_second': 106.961, 'epoch': 9.0}
{'loss': 0.0775, 'grad_norm': 2.5559027194976807, 'learning_rate': 3.5964285714285715e-06, 'epoch': 9.29}
{'loss': 0.0752, 'grad_norm': 3.8938820362091064, 'learning_rate': 1.8107142857142857e-06, 'epoch': 9.64}
{'loss': 0.0716, 'grad_norm': 16.222043991088867, 'learning_rate': 2.5000000000000002e-08, 'epoch': 10.0}
Computing metrics... # DEBUG
{'eval_loss': 1.9194862842559814, 'eval_T005_precision': 0.3333333333333333, 'eval_T005_recall': 0.5, 'eval_T005_f1': 0.4, 'eval_T005_number': 4, 'eval_T007_precision': 1.0, 'eval_T007_recall': 1.0, 'eval_T007_f1': 1.0, 'eval_T007_number': 1, 'eval_T017_precision': 0.585043017868961, 'eval_T017_recall': 0.7123287671232876, 'eval_T017_f1': 0.6424418604651162, 'eval_T017_number': 1241, 'eval_T020_precision': 1.0, 'eval_T020_recall': 1.0, 'eval_T020_f1': 1.0, 'eval_T020_number': 2, 'eval_T023_precision': 0.1, 'eval_T023_recall': 0.1, 'eval_T023_f1': 0.10000000000000002, 'eval_T023_number': 10, 'eval_T024_precision': 0.0, 'eval_T024_recall': 0.0, 'eval_T024_f1': 0.0, 'eval_T024_number': 1, 'eval_T025_precision': 0.0, 'eval_T025_recall': 0.0, 'eval_T025_f1': 0.0, 'eval_T025_number': 8, 'eval_T028_precision': 0.5714285714285714, 'eval_T028_recall': 0.23529411764705882, 'eval_T028_f1': 0.3333333333333333, 'eval_T028_number': 17, 'eval_T033_precision': 0.2776769509981851, 'eval_T033_recall': 0.6065411298315163, 'eval_T033_f1': 0.38095238095238093, 'eval_T033_number': 1009, 'eval_T037_precision': 0.14285714285714285, 'eval_T037_recall': 0.5, 'eval_T037_f1': 0.22222222222222224, 'eval_T037_number': 2, 'eval_T038_precision': 0.48043978522117103, 'eval_T038_recall': 0.7453391511305038, 'eval_T038_f1': 0.5842661691542288, 'eval_T038_number': 2521, 'eval_T039_precision': 0.0, 'eval_T039_recall': 0.0, 'eval_T039_f1': 0.0, 'eval_T039_number': 1, 'eval_T044_precision': 0.0, 'eval_T044_recall': 0.0, 'eval_T044_f1': 0.0, 'eval_T044_number': 1, 'eval_T045_precision': 0.0, 'eval_T045_recall': 0.0, 'eval_T045_f1': 0.0, 'eval_T045_number': 3, 'eval_T046_precision': 0.16666666666666666, 'eval_T046_recall': 0.2, 'eval_T046_f1': 0.1818181818181818, 'eval_T046_number': 5, 'eval_T047_precision': 0.2647058823529412, 'eval_T047_recall': 0.2727272727272727, 'eval_T047_f1': 0.26865671641791045, 'eval_T047_number': 33, 'eval_T048_precision': 0.2222222222222222, 'eval_T048_recall': 0.3333333333333333, 'eval_T048_f1': 0.26666666666666666, 'eval_T048_number': 6, 'eval_T058_precision': 0.38599283724631916, 'eval_T058_recall': 0.6778476589797344, 'eval_T058_f1': 0.4918864097363084, 'eval_T058_number': 1431, 'eval_T062_precision': 0.43478260869565216, 'eval_T062_recall': 0.7262569832402235, 'eval_T062_f1': 0.5439330543933054, 'eval_T062_number': 537, 'eval_T070_precision': 0.0, 'eval_T070_recall': 0.0, 'eval_T070_f1': 0.0, 'eval_T070_number': 0, 'eval_T074_precision': 0.4857142857142857, 'eval_T074_recall': 0.8429752066115702, 'eval_T074_f1': 0.6163141993957704, 'eval_T074_number': 121, 'eval_T082_precision': 0.4291101055806938, 'eval_T082_recall': 0.7248407643312101, 'eval_T082_f1': 0.5390810042633822, 'eval_T082_number': 785, 'eval_T098_precision': 0.547576301615799, 'eval_T098_recall': 0.8288043478260869, 'eval_T098_f1': 0.6594594594594595, 'eval_T098_number': 368, 'eval_T103_precision': 0.6069469835466179, 'eval_T103_recall': 0.7746150256649557, 'eval_T103_f1': 0.6806068060680608, 'eval_T103_number': 2143, 'eval_T109_precision': 0.5, 'eval_T109_recall': 0.42857142857142855, 'eval_T109_f1': 0.4615384615384615, 'eval_T109_number': 7, 'eval_T114_precision': 0.0, 'eval_T114_recall': 0.0, 'eval_T114_f1': 0.0, 'eval_T114_number': 2, 'eval_T116_precision': 0.08333333333333333, 'eval_T116_recall': 0.05555555555555555, 'eval_T116_f1': 0.06666666666666667, 'eval_T116_number': 18, 'eval_T121_precision': 0.0, 'eval_T121_recall': 0.0, 'eval_T121_f1': 0.0, 'eval_T121_number': 2, 'eval_T123_precision': 0.0, 'eval_T123_recall': 0.0, 'eval_T123_f1': 0.0, 'eval_T123_number': 1, 'eval_T170_precision': 0.3711340206185567, 'eval_T170_recall': 0.6739469578783152, 'eval_T170_f1': 0.47867036011080333, 'eval_T170_number': 641, 'eval_T184_precision': 0.0, 'eval_T184_recall': 0.0, 'eval_T184_f1': 0.0, 'eval_T184_number': 1, 'eval_T190_precision': 0.0, 'eval_T190_recall': 0.0, 'eval_T190_f1': 0.0, 'eval_T190_number': 1, 'eval_T191_precision': 0.08333333333333333, 'eval_T191_recall': 0.08695652173913043, 'eval_T191_f1': 0.0851063829787234, 'eval_T191_number': 23, 'eval_T204_precision': 0.6780487804878049, 'eval_T204_recall': 0.8475609756097561, 'eval_T204_f1': 0.7533875338753389, 'eval_T204_number': 492, 'eval_overall_precision': 0.4639482564679415, 'eval_overall_recall': 0.7211925161741564, 'eval_overall_f1': 0.5646519268943802, 'eval_overall_accuracy': 0.8216556174192406, 'eval_runtime': 3.3236, 'eval_samples_per_second': 845.17, 'eval_steps_per_second': 105.91, 'epoch': 10.0}
{'train_runtime': 781.009, 'train_samples_per_second': 286.744, 'train_steps_per_second': 17.926, 'train_loss': 0.49365320532662527, 'epoch': 10.0}
***** train metrics *****
  epoch                    =       10.0
  total_flos               =  7446053GF
  train_loss               =     0.4937
  train_runtime            = 0:13:01.00
  train_samples            =      22395
  train_samples_per_second =    286.744
  train_steps_per_second   =     17.926
04/15/2025 14:27:20 - INFO - __main__ - *** Evaluate ***
Computing metrics... # DEBUG
***** eval metrics *****
  epoch                   =       10.0
  eval_T005_f1            =        0.4
  eval_T005_number        =          4
  eval_T005_precision     =     0.3333
  eval_T005_recall        =        0.5
  eval_T007_f1            =        1.0
  eval_T007_number        =          1
  eval_T007_precision     =        1.0
  eval_T007_recall        =        1.0
  eval_T017_f1            =     0.6424
  eval_T017_number        =       1241
  eval_T017_precision     =      0.585
  eval_T017_recall        =     0.7123
  eval_T020_f1            =        1.0
  eval_T020_number        =          2
  eval_T020_precision     =        1.0
  eval_T020_recall        =        1.0
  eval_T023_f1            =        0.1
  eval_T023_number        =         10
  eval_T023_precision     =        0.1
  eval_T023_recall        =        0.1
  eval_T024_f1            =        0.0
  eval_T024_number        =          1
  eval_T024_precision     =        0.0
  eval_T024_recall        =        0.0
  eval_T025_f1            =        0.0
  eval_T025_number        =          8
  eval_T025_precision     =        0.0
  eval_T025_recall        =        0.0
  eval_T028_f1            =     0.3333
  eval_T028_number        =         17
  eval_T028_precision     =     0.5714
  eval_T028_recall        =     0.2353
  eval_T033_f1            =      0.381
  eval_T033_number        =       1009
  eval_T033_precision     =     0.2777
  eval_T033_recall        =     0.6065
  eval_T037_f1            =     0.2222
  eval_T037_number        =          2
  eval_T037_precision     =     0.1429
  eval_T037_recall        =        0.5
  eval_T038_f1            =     0.5843
  eval_T038_number        =       2521
  eval_T038_precision     =     0.4804
  eval_T038_recall        =     0.7453
  eval_T039_f1            =        0.0
  eval_T039_number        =          1
  eval_T039_precision     =        0.0
  eval_T039_recall        =        0.0
  eval_T044_f1            =        0.0
  eval_T044_number        =          1
  eval_T044_precision     =        0.0
  eval_T044_recall        =        0.0
  eval_T045_f1            =        0.0
  eval_T045_number        =          3
  eval_T045_precision     =        0.0
  eval_T045_recall        =        0.0
  eval_T046_f1            =     0.1818
  eval_T046_number        =          5
  eval_T046_precision     =     0.1667
  eval_T046_recall        =        0.2
  eval_T047_f1            =     0.2687
  eval_T047_number        =         33
  eval_T047_precision     =     0.2647
  eval_T047_recall        =     0.2727
  eval_T048_f1            =     0.2667
  eval_T048_number        =          6
  eval_T048_precision     =     0.2222
  eval_T048_recall        =     0.3333
  eval_T058_f1            =     0.4919
  eval_T058_number        =       1431
  eval_T058_precision     =      0.386
  eval_T058_recall        =     0.6778
  eval_T062_f1            =     0.5439
  eval_T062_number        =        537
  eval_T062_precision     =     0.4348
  eval_T062_recall        =     0.7263
  eval_T070_f1            =        0.0
  eval_T070_number        =          0
  eval_T070_precision     =        0.0
  eval_T070_recall        =        0.0
  eval_T074_f1            =     0.6163
  eval_T074_number        =        121
  eval_T074_precision     =     0.4857
  eval_T074_recall        =      0.843
  eval_T082_f1            =     0.5391
  eval_T082_number        =        785
  eval_T082_precision     =     0.4291
  eval_T082_recall        =     0.7248
  eval_T098_f1            =     0.6595
  eval_T098_number        =        368
  eval_T098_precision     =     0.5476
  eval_T098_recall        =     0.8288
  eval_T103_f1            =     0.6806
  eval_T103_number        =       2143
  eval_T103_precision     =     0.6069
  eval_T103_recall        =     0.7746
  eval_T109_f1            =     0.4615
  eval_T109_number        =          7
  eval_T109_precision     =        0.5
  eval_T109_recall        =     0.4286
  eval_T114_f1            =        0.0
  eval_T114_number        =          2
  eval_T114_precision     =        0.0
  eval_T114_recall        =        0.0
  eval_T116_f1            =     0.0667
  eval_T116_number        =         18
  eval_T116_precision     =     0.0833
  eval_T116_recall        =     0.0556
  eval_T121_f1            =        0.0
  eval_T121_number        =          2
  eval_T121_precision     =        0.0
  eval_T121_recall        =        0.0
  eval_T123_f1            =        0.0
  eval_T123_number        =          1
  eval_T123_precision     =        0.0
  eval_T123_recall        =        0.0
  eval_T170_f1            =     0.4787
  eval_T170_number        =        641
  eval_T170_precision     =     0.3711
  eval_T170_recall        =     0.6739
  eval_T184_f1            =        0.0
  eval_T184_number        =          1
  eval_T184_precision     =        0.0
  eval_T184_recall        =        0.0
  eval_T190_f1            =        0.0
  eval_T190_number        =          1
  eval_T190_precision     =        0.0
  eval_T190_recall        =        0.0
  eval_T191_f1            =     0.0851
  eval_T191_number        =         23
  eval_T191_precision     =     0.0833
  eval_T191_recall        =      0.087
  eval_T204_f1            =     0.7534
  eval_T204_number        =        492
  eval_T204_precision     =      0.678
  eval_T204_recall        =     0.8476
  eval_loss               =     1.9195
  eval_overall_accuracy   =     0.8217
  eval_overall_f1         =     0.5647
  eval_overall_precision  =     0.4639
  eval_overall_recall     =     0.7212
  eval_runtime            = 0:00:03.29
  eval_samples            =       2809
  eval_samples_per_second =    852.049
  eval_steps_per_second   =    106.772
04/15/2025 14:27:24 - INFO - __main__ - *** Predict ***
Computing metrics... # DEBUG
***** predict metrics *****
  predict_T005_f1            =        0.0
  predict_T005_number        =          1
  predict_T005_precision     =        0.0
  predict_T005_recall        =        0.0
  predict_T007_f1            =        0.0
  predict_T007_number        =          1
  predict_T007_precision     =        0.0
  predict_T007_recall        =        0.0
  predict_T017_f1            =     0.6172
  predict_T017_number        =       1282
  predict_T017_precision     =     0.5532
  predict_T017_recall        =     0.6981
  predict_T020_f1            =        0.0
  predict_T020_number        =          0
  predict_T020_precision     =        0.0
  predict_T020_recall        =        0.0
  predict_T023_f1            =     0.2727
  predict_T023_number        =         11
  predict_T023_precision     =     0.2727
  predict_T023_recall        =     0.2727
  predict_T025_f1            =     0.1143
  predict_T025_number        =         15
  predict_T025_precision     =        0.1
  predict_T025_recall        =     0.1333
  predict_T028_f1            =       0.12
  predict_T028_number        =         13
  predict_T028_precision     =     0.0811
  predict_T028_recall        =     0.2308
  predict_T033_f1            =     0.3946
  predict_T033_number        =        974
  predict_T033_precision     =     0.2898
  predict_T033_recall        =     0.6181
  predict_T037_f1            =       0.25
  predict_T037_number        =          2
  predict_T037_precision     =     0.1667
  predict_T037_recall        =        0.5
  predict_T038_f1            =     0.5804
  predict_T038_number        =       2529
  predict_T038_precision     =     0.4747
  predict_T038_recall        =     0.7465
  predict_T040_f1            =        0.0
  predict_T040_number        =          1
  predict_T040_precision     =        0.0
  predict_T040_recall        =        0.0
  predict_T044_f1            =        0.0
  predict_T044_number        =          2
  predict_T044_precision     =        0.0
  predict_T044_recall        =        0.0
  predict_T045_f1            =        0.0
  predict_T045_number        =          1
  predict_T045_precision     =        0.0
  predict_T045_recall        =        0.0
  predict_T046_f1            =     0.1111
  predict_T046_number        =          6
  predict_T046_precision     =     0.0833
  predict_T046_recall        =     0.1667
  predict_T047_f1            =     0.1351
  predict_T047_number        =         35
  predict_T047_precision     =     0.1282
  predict_T047_recall        =     0.1429
  predict_T048_f1            =     0.2857
  predict_T048_number        =          7
  predict_T048_precision     =     0.2143
  predict_T048_recall        =     0.4286
  predict_T058_f1            =     0.5098
  predict_T058_number        =       1491
  predict_T058_precision     =     0.4077
  predict_T058_recall        =     0.6801
  predict_T062_f1            =     0.5138
  predict_T062_number        =        556
  predict_T062_precision     =     0.4041
  predict_T062_recall        =      0.705
  predict_T074_f1            =        0.6
  predict_T074_number        =        120
  predict_T074_precision     =      0.525
  predict_T074_recall        =        0.7
  predict_T080_f1            =        0.0
  predict_T080_number        =          0
  predict_T080_precision     =        0.0
  predict_T080_recall        =        0.0
  predict_T082_f1            =     0.5481
  predict_T082_number        =        751
  predict_T082_precision     =     0.4448
  predict_T082_recall        =     0.7137
  predict_T098_f1            =     0.6562
  predict_T098_number        =        354
  predict_T098_precision     =     0.5217
  predict_T098_recall        =     0.8842
  predict_T103_f1            =     0.6889
  predict_T103_number        =       2230
  predict_T103_precision     =     0.6181
  predict_T103_recall        =      0.778
  predict_T104_f1            =        0.0
  predict_T104_number        =          0
  predict_T104_precision     =        0.0
  predict_T104_recall        =        0.0
  predict_T109_f1            =     0.1818
  predict_T109_number        =          4
  predict_T109_precision     =     0.1429
  predict_T109_recall        =       0.25
  predict_T114_f1            =        0.0
  predict_T114_number        =          1
  predict_T114_precision     =        0.0
  predict_T114_recall        =        0.0
  predict_T116_f1            =        0.0
  predict_T116_number        =         13
  predict_T116_precision     =        0.0
  predict_T116_recall        =        0.0
  predict_T121_f1            =        0.0
  predict_T121_number        =          2
  predict_T121_precision     =        0.0
  predict_T121_recall        =        0.0
  predict_T170_f1            =     0.4688
  predict_T170_number        =        577
  predict_T170_precision     =     0.3569
  predict_T170_recall        =     0.6828
  predict_T184_f1            =        0.0
  predict_T184_number        =          1
  predict_T184_precision     =        0.0
  predict_T184_recall        =        0.0
  predict_T191_f1            =     0.3721
  predict_T191_number        =         17
  predict_T191_precision     =     0.3077
  predict_T191_recall        =     0.4706
  predict_T204_f1            =     0.7667
  predict_T204_number        =        517
  predict_T204_precision     =      0.695
  predict_T204_recall        =     0.8549
  predict_loss               =     1.7063
  predict_overall_accuracy   =     0.8167
  predict_overall_f1         =     0.5667
  predict_overall_precision  =      0.466
  predict_overall_recall     =     0.7228
  predict_runtime            = 0:00:03.25
  predict_samples_per_second =    857.473
  predict_steps_per_second   =    107.261
Analyse des résultats
16 10
11 [-0.42008594  0.61735863]
28 [-0.50834002 -0.67040609]
31 [-0.95441089  0.23095783]
5 [-0.66860978  0.36517867]
12 [-0.25921295 -0.35518939]
30 [-0.75509101 -0.15067262]
25 [0.81155702 0.13539757]
27 [-0.14554523 -0.68809279]
13 [ 0.24099248 -0.35538912]
30 [-0.60195043 -0.66578345]
28 [-0.18180921 -0.07972837]
31 [ 0.22043613 -0.41251293]
3 [-0.54053394 -0.28523665]
19 [-0.02004496  0.94856645]
23 [-0.52818807 -0.76972639]
1 [-0.70223783  0.96278726]
10 [-0.97933828 -0.94974799]
12 [0.89006619 0.28697364]
25 [ 0.56250307 -0.22631533]
23 [0.60145152 0.68938697]
29 [ 0.73870883 -0.03027699]
1 [-0.32202446  0.25784242]
3 [-0.70777582 -0.77358028]
19 [0.76797721 0.78034538]
23 [ 0.85877859 -0.33921205]
Fichiers trouvés : 13
Envoi de /mnt/home/av00680@ens.ad.etsmtl.ca/mti881-projet2/etape4/figures/boxplot_metrics_eval.png...
Envoi de /mnt/home/av00680@ens.ad.etsmtl.ca/mti881-projet2/etape4/figures/boxplot_metrics_pred.png...
Envoi de /mnt/home/av00680@ens.ad.etsmtl.ca/mti881-projet2/etape4/figures/global_metrics.png...
Envoi de /mnt/home/av00680@ens.ad.etsmtl.ca/mti881-projet2/etape4/figures/grad_norm.png...
Envoi de /mnt/home/av00680@ens.ad.etsmtl.ca/mti881-projet2/etape4/figures/learning_rate.png...
Envoi de /mnt/home/av00680@ens.ad.etsmtl.ca/mti881-projet2/etape4/figures/log_per_class_epoch.png...
Envoi de /mnt/home/av00680@ens.ad.etsmtl.ca/mti881-projet2/etape4/figures/log_per_class_step.png...
Envoi de /mnt/home/av00680@ens.ad.etsmtl.ca/mti881-projet2/etape4/figures/loss.png...
Envoi de /mnt/home/av00680@ens.ad.etsmtl.ca/mti881-projet2/etape4/figures/loss_same_fig.png...
Envoi de /mnt/home/av00680@ens.ad.etsmtl.ca/mti881-projet2/etape4/figures/scatter_plot_metric_support_eval.png...
Envoi de /mnt/home/av00680@ens.ad.etsmtl.ca/mti881-projet2/etape4/figures/scatter_plot_metric_support_eval_nolabel.png...
Envoi de /mnt/home/av00680@ens.ad.etsmtl.ca/mti881-projet2/etape4/figures/scatter_plot_metric_support_pred.png...
Envoi de /mnt/home/av00680@ens.ad.etsmtl.ca/mti881-projet2/etape4/figures/scatter_plot_metric_support_pred_nolabel.png...
Tous les fichiers ont été envoyés !
